------------------------------------------------------------------------------------------------------------------------

[2020-12-14 00:11:47 #1 store] 
Database 'G:\cosas de clase\Cosas de todo\NetBeansProjects\SEGUNDO\Datos\JoseRamon\Proyecto_Final\empleados.odb' is opened by 18908@DESKTOP-59TAS1N

[2020-12-14 00:11:47 #2 store] 
Configuration path: ?

[2020-12-14 00:11:47 #3 type] 
Type modelo.Empleado is not enhanced.

[2020-12-14 00:11:47 #4 type] 
Type modelo.Ordenador is not enhanced.

------------------------------------------------------------------------------------------------------------------------

[2020-12-14 00:12:38 #1 store] 
Database 'G:\cosas de clase\Cosas de todo\NetBeansProjects\SEGUNDO\Datos\JoseRamon\Proyecto_Final\empleados.odb' is opened by 2316@DESKTOP-59TAS1N

[2020-12-14 00:12:38 #2 store] 
Configuration path: ?

[2020-12-14 00:12:38 #3 type] 
Type modelo.Empleado is not enhanced.

[2020-12-14 00:12:38 #4 type] 
Type modelo.Ordenador is not enhanced.

------------------------------------------------------------------------------------------------------------------------

[2020-12-14 00:19:24 #1 store] 
Database 'G:\cosas de clase\Cosas de todo\NetBeansProjects\SEGUNDO\Datos\JoseRamon\Proyecto_Final\empleados.odb' is opened by 10744@DESKTOP-59TAS1N

[2020-12-14 00:19:24 #2 store] 
Configuration path: ?

[2020-12-14 00:19:24 #3 type] 
Type modelo.Empleado is not enhanced.

[2020-12-14 00:19:24 #4 type] 
Type modelo.Ordenador is not enhanced.

------------------------------------------------------------------------------------------------------------------------

[2020-12-14 00:23:41 #1 store] 
Database 'G:\cosas de clase\Cosas de todo\NetBeansProjects\SEGUNDO\Datos\JoseRamon\Proyecto_Final\empleados.odb' is opened by 11224@DESKTOP-59TAS1N

[2020-12-14 00:23:41 #2 store] 
Configuration path: ?

[2020-12-14 00:23:42 #3 type] 
Type modelo.Empleado is not enhanced.

[2020-12-14 00:23:42 #4 type] 
Type modelo.Ordenador is not enhanced.

------------------------------------------------------------------------------------------------------------------------

[2020-12-14 00:26:35 #1 store] 
Database 'G:\cosas de clase\Cosas de todo\NetBeansProjects\SEGUNDO\Datos\JoseRamon\Proyecto_Final\empleados.odb' is opened by 21480@DESKTOP-59TAS1N

[2020-12-14 00:26:35 #2 store] 
Configuration path: ?

[2020-12-14 00:26:35 #3 type] 
Type modelo.Empleado is not enhanced.

[2020-12-14 00:26:36 #4 type] 
Type modelo.Ordenador is not enhanced.

------------------------------------------------------------------------------------------------------------------------

[2020-12-14 00:27:47 #1 store] 
Database 'G:\cosas de clase\Cosas de todo\NetBeansProjects\SEGUNDO\Datos\JoseRamon\Proyecto_Final\empleados.odb' is opened by 10764@DESKTOP-59TAS1N

[2020-12-14 00:27:47 #2 store] 
Configuration path: ?

[2020-12-14 00:27:47 #3 type] 
Type modelo.Empleado is not enhanced.

[2020-12-14 00:27:47 #4 type] 
Type modelo.Ordenador is not enhanced.

------------------------------------------------------------------------------------------------------------------------

[2020-12-14 00:31:59 #1 store] 
Database 'G:\cosas de clase\Cosas de todo\NetBeansProjects\SEGUNDO\Datos\JoseRamon\Proyecto_Final\empleados.odb' is opened by 17020@DESKTOP-59TAS1N

[2020-12-14 00:31:59 #2 store] 
Configuration path: ?

[2020-12-14 00:32:00 #3 type] 
Type modelo.Empleado is not enhanced.

[2020-12-14 00:32:00 #4 type] 
Type modelo.Ordenador is not enhanced.

------------------------------------------------------------------------------------------------------------------------

[2020-12-14 00:34:36 #1 store] 
Database 'G:\cosas de clase\Cosas de todo\NetBeansProjects\SEGUNDO\Datos\JoseRamon\Proyecto_Final\empleados.odb' is opened by 7388@DESKTOP-59TAS1N

[2020-12-14 00:34:36 #2 store] 
Configuration path: ?

[2020-12-14 00:34:37 #3 type] 
Type modelo.Empleado is not enhanced.

[2020-12-14 00:34:37 #4 type] 
Type modelo.Ordenador is not enhanced.

------------------------------------------------------------------------------------------------------------------------

[2020-12-14 00:36:04 #1 store] 
Database 'G:\cosas de clase\Cosas de todo\NetBeansProjects\SEGUNDO\Datos\JoseRamon\Proyecto_Final\empleados.odb' is opened by 4912@DESKTOP-59TAS1N

[2020-12-14 00:36:04 #2 store] 
Configuration path: ?

[2020-12-14 00:36:04 #3 type] 
Type modelo.Empleado is not enhanced.

[2020-12-14 00:36:04 #4 type] 
Type modelo.Ordenador is not enhanced.

------------------------------------------------------------------------------------------------------------------------

[2020-12-14 00:37:20 #1 store] 
Database 'G:\cosas de clase\Cosas de todo\NetBeansProjects\SEGUNDO\Datos\JoseRamon\Proyecto_Final\empleados.odb' is opened by 18616@DESKTOP-59TAS1N

[2020-12-14 00:37:20 #2 store] 
Configuration path: ?

[2020-12-14 00:37:20 #3 type] 
Type modelo.Empleado is not enhanced.

[2020-12-14 00:37:20 #4 type] 
Type modelo.Ordenador is not enhanced.

------------------------------------------------------------------------------------------------------------------------

[2020-12-14 00:38:31 #1 store] 
Database 'G:\cosas de clase\Cosas de todo\NetBeansProjects\SEGUNDO\Datos\JoseRamon\Proyecto_Final\empleados.odb' is opened by 16476@DESKTOP-59TAS1N

[2020-12-14 00:38:31 #2 store] 
Configuration path: ?

[2020-12-14 00:38:31 #3 type] 
Type modelo.Empleado is not enhanced.

[2020-12-14 00:38:31 #4 type] 
Type modelo.Ordenador is not enhanced.

------------------------------------------------------------------------------------------------------------------------

[2020-12-14 00:39:04 #1 store] 
Database 'G:\cosas de clase\Cosas de todo\NetBeansProjects\SEGUNDO\Datos\JoseRamon\Proyecto_Final\empleados.odb' is opened by 8708@DESKTOP-59TAS1N

[2020-12-14 00:39:04 #2 store] 
Configuration path: ?

[2020-12-14 00:39:04 #3 type] 
Type modelo.Empleado is not enhanced.

[2020-12-14 00:39:04 #4 type] 
Type modelo.Ordenador is not enhanced.

------------------------------------------------------------------------------------------------------------------------

[2020-12-14 00:40:03 #1 store] 
Database 'G:\cosas de clase\Cosas de todo\NetBeansProjects\SEGUNDO\Datos\JoseRamon\Proyecto_Final\empleados.odb' is opened by 4980@DESKTOP-59TAS1N

[2020-12-14 00:40:04 #2 store] 
Configuration path: ?

[2020-12-14 00:40:04 #3 type] 
Type modelo.Empleado is not enhanced.

[2020-12-14 00:40:04 #4 type] 
Type modelo.Ordenador is not enhanced.

------------------------------------------------------------------------------------------------------------------------

[2020-12-14 00:40:58 #1 store] 
Database 'G:\cosas de clase\Cosas de todo\NetBeansProjects\SEGUNDO\Datos\JoseRamon\Proyecto_Final\empleados.odb' is opened by 11008@DESKTOP-59TAS1N

[2020-12-14 00:40:58 #2 store] 
Configuration path: ?

[2020-12-14 00:40:59 #3 type] 
Type modelo.Empleado is not enhanced.

[2020-12-14 00:40:59 #4 type] 
Type modelo.Ordenador is not enhanced.

------------------------------------------------------------------------------------------------------------------------

[2020-12-14 00:41:21 #1 store] 
Database 'G:\cosas de clase\Cosas de todo\NetBeansProjects\SEGUNDO\Datos\JoseRamon\Proyecto_Final\empleados.odb' is opened by 11472@DESKTOP-59TAS1N

[2020-12-14 00:41:21 #2 store] 
Configuration path: ?

[2020-12-14 00:41:21 #3 type] 
Type modelo.Empleado is not enhanced.

[2020-12-14 00:41:21 #4 type] 
Type modelo.Ordenador is not enhanced.

------------------------------------------------------------------------------------------------------------------------

[2020-12-14 00:45:59 #1 store] 
Database 'G:\cosas de clase\Cosas de todo\NetBeansProjects\SEGUNDO\Datos\JoseRamon\Proyecto_Final\empleados.odb' is opened by 8376@DESKTOP-59TAS1N

[2020-12-14 00:45:59 #2 store] 
Configuration path: ?

[2020-12-14 00:45:59 #3 type] 
Type modelo.Empleado is not enhanced.

[2020-12-14 00:45:59 #4 type] 
Type modelo.Ordenador is not enhanced.

------------------------------------------------------------------------------------------------------------------------

[2020-12-14 00:52:21 #1 store] 
Database 'G:\cosas de clase\Cosas de todo\NetBeansProjects\SEGUNDO\Datos\JoseRamon\Proyecto_Final\empleados.odb' is opened by 1780@DESKTOP-59TAS1N

[2020-12-14 00:52:21 #2 store] 
Configuration path: ?

[2020-12-14 00:52:22 #3 type] 
Type modelo.Empleado is not enhanced.

[2020-12-14 00:52:22 #4 type] 
Type modelo.Ordenador is not enhanced.

------------------------------------------------------------------------------------------------------------------------

[2020-12-14 00:54:06 #1 store] 
Database 'G:\cosas de clase\Cosas de todo\NetBeansProjects\SEGUNDO\Datos\JoseRamon\Proyecto_Final\empleados.odb' is opened by 8776@DESKTOP-59TAS1N

[2020-12-14 00:54:06 #2 store] 
Configuration path: ?

[2020-12-14 00:54:06 #3 type] 
Type modelo.Empleado is not enhanced.

[2020-12-14 00:54:06 #4 type] 
Type modelo.Ordenador is not enhanced.

------------------------------------------------------------------------------------------------------------------------

[2020-12-14 00:55:38 #1 store] 
Database 'G:\cosas de clase\Cosas de todo\NetBeansProjects\SEGUNDO\Datos\JoseRamon\Proyecto_Final\empleados.odb' is opened by 16288@DESKTOP-59TAS1N

[2020-12-14 00:55:38 #2 store] 
Configuration path: ?

[2020-12-14 00:55:39 #3 type] 
Type modelo.Empleado is not enhanced.

[2020-12-14 00:55:39 #4 type] 
Type modelo.Ordenador is not enhanced.

------------------------------------------------------------------------------------------------------------------------

[2020-12-14 00:56:35 #1 store] 
Database 'G:\cosas de clase\Cosas de todo\NetBeansProjects\SEGUNDO\Datos\JoseRamon\Proyecto_Final\empleados.odb' is opened by 12544@DESKTOP-59TAS1N

[2020-12-14 00:56:35 #2 store] 
Configuration path: ?

[2020-12-14 00:56:36 #3 type] 
Type modelo.Empleado is not enhanced.

[2020-12-14 00:56:36 #4 type] 
Type modelo.Ordenador is not enhanced.

------------------------------------------------------------------------------------------------------------------------

[2020-12-14 00:57:58 #1 store] 
Database 'G:\cosas de clase\Cosas de todo\NetBeansProjects\SEGUNDO\Datos\JoseRamon\Proyecto_Final\empleados.odb' is opened by 16216@DESKTOP-59TAS1N

[2020-12-14 00:57:58 #2 store] 
Configuration path: ?

[2020-12-14 00:57:58 #3 type] 
Type modelo.Empleado is not enhanced.

[2020-12-14 00:57:58 #4 type] 
Type modelo.Ordenador is not enhanced.

------------------------------------------------------------------------------------------------------------------------

[2020-12-14 00:58:30 #1 store] 
Database 'G:\cosas de clase\Cosas de todo\NetBeansProjects\SEGUNDO\Datos\JoseRamon\Proyecto_Final\empleados.odb' is opened by 19148@DESKTOP-59TAS1N

[2020-12-14 00:58:30 #2 store] 
Configuration path: ?

[2020-12-14 00:58:30 #3 type] 
Type modelo.Empleado is not enhanced.

[2020-12-14 00:58:30 #4 type] 
Type modelo.Ordenador is not enhanced.

------------------------------------------------------------------------------------------------------------------------

[2020-12-14 00:59:25 #1 store] 
Database 'G:\cosas de clase\Cosas de todo\NetBeansProjects\SEGUNDO\Datos\JoseRamon\Proyecto_Final\empleados.odb' is opened by 8536@DESKTOP-59TAS1N

[2020-12-14 00:59:25 #2 store] 
Configuration path: ?

[2020-12-14 00:59:25 #3 type] 
Type modelo.Empleado is not enhanced.

[2020-12-14 00:59:25 #4 type] 
Type modelo.Ordenador is not enhanced.

------------------------------------------------------------------------------------------------------------------------

[2020-12-14 01:00:19 #1 store] 
Database 'G:\cosas de clase\Cosas de todo\NetBeansProjects\SEGUNDO\Datos\JoseRamon\Proyecto_Final\empleados.odb' is opened by 10332@DESKTOP-59TAS1N

[2020-12-14 01:00:19 #2 store] 
Configuration path: ?

[2020-12-14 01:00:19 #3 type] 
Type modelo.Empleado is not enhanced.

[2020-12-14 01:00:19 #4 type] 
Type modelo.Ordenador is not enhanced.

------------------------------------------------------------------------------------------------------------------------

[2020-12-14 01:00:39 #1 store] 
Database 'G:\cosas de clase\Cosas de todo\NetBeansProjects\SEGUNDO\Datos\JoseRamon\Proyecto_Final\empleados.odb' has been recovered (tr. 68-68)

[2020-12-14 01:00:40 #2 store] 
Database 'G:\cosas de clase\Cosas de todo\NetBeansProjects\SEGUNDO\Datos\JoseRamon\Proyecto_Final\empleados.odb' is opened by 20940@DESKTOP-59TAS1N

[2020-12-14 01:00:40 #3 store] 
Configuration path: ?

[2020-12-14 01:00:40 #4 type] 
Type modelo.Empleado is not enhanced.

[2020-12-14 01:00:40 #5 type] 
Type modelo.Ordenador is not enhanced.

------------------------------------------------------------------------------------------------------------------------

[2020-12-14 01:01:51 #1 store] 
Database 'G:\cosas de clase\Cosas de todo\NetBeansProjects\SEGUNDO\Datos\JoseRamon\Proyecto_Final\empleados.odb' is opened by 13580@DESKTOP-59TAS1N

[2020-12-14 01:01:51 #2 store] 
Configuration path: ?

[2020-12-14 01:01:52 #3 type] 
Type modelo.Empleado is not enhanced.

[2020-12-14 01:01:52 #4 type] 
Type modelo.Ordenador is not enhanced.

------------------------------------------------------------------------------------------------------------------------

[2020-12-14 01:03:14 #1 store] 
Database 'G:\cosas de clase\Cosas de todo\NetBeansProjects\SEGUNDO\Datos\JoseRamon\Proyecto_Final\empleados.odb' is opened by 8152@DESKTOP-59TAS1N

[2020-12-14 01:03:14 #2 store] 
Configuration path: ?

[2020-12-14 01:03:15 #3 type] 
Type modelo.Empleado is not enhanced.

[2020-12-14 01:03:15 #4 type] 
Type modelo.Ordenador is not enhanced.

------------------------------------------------------------------------------------------------------------------------

[2020-12-14 01:05:17 #1 store] 
Database 'G:\cosas de clase\Cosas de todo\NetBeansProjects\SEGUNDO\Datos\JoseRamon\Proyecto_Final\empleados.odb' is opened by 4972@DESKTOP-59TAS1N

[2020-12-14 01:05:17 #2 store] 
Configuration path: ?

[2020-12-14 01:05:17 #3 type] 
Type modelo.Empleado is not enhanced.

[2020-12-14 01:05:17 #4 type] 
Type modelo.Ordenador is not enhanced.

------------------------------------------------------------------------------------------------------------------------

[2020-12-14 01:08:51 #1 store] 
Database 'G:\cosas de clase\Cosas de todo\NetBeansProjects\SEGUNDO\Datos\JoseRamon\Proyecto_Final\empleados.odb' is opened by 10252@DESKTOP-59TAS1N

[2020-12-14 01:08:51 #2 store] 
Configuration path: ?

[2020-12-14 01:08:51 #3 type] 
Type modelo.Empleado is not enhanced.

[2020-12-14 01:08:51 #4 type] 
Type modelo.Ordenador is not enhanced.

------------------------------------------------------------------------------------------------------------------------

[2020-12-14 01:09:14 #1 store] 
Database 'G:\cosas de clase\Cosas de todo\NetBeansProjects\SEGUNDO\Datos\JoseRamon\Proyecto_Final\empleados.odb' is opened by 18996@DESKTOP-59TAS1N

[2020-12-14 01:09:14 #2 store] 
Configuration path: ?

[2020-12-14 01:09:14 #3 type] 
Type modelo.Empleado is not enhanced.

[2020-12-14 01:09:14 #4 type] 
Type modelo.Ordenador is not enhanced.

------------------------------------------------------------------------------------------------------------------------

[2020-12-14 01:10:25 #1 store] 
Database 'G:\cosas de clase\Cosas de todo\NetBeansProjects\SEGUNDO\Datos\JoseRamon\Proyecto_Final\empleados.odb' is opened by 8408@DESKTOP-59TAS1N

[2020-12-14 01:10:25 #2 store] 
Configuration path: ?

[2020-12-14 01:10:25 #3 type] 
Type modelo.Empleado is not enhanced.

[2020-12-14 01:10:25 #4 type] 
Type modelo.Ordenador is not enhanced.

------------------------------------------------------------------------------------------------------------------------

[2020-12-14 01:11:56 #1 store] 
Database 'G:\cosas de clase\Cosas de todo\NetBeansProjects\SEGUNDO\Datos\JoseRamon\Proyecto_Final\empleados.odb' is opened by 2408@DESKTOP-59TAS1N

[2020-12-14 01:11:56 #2 store] 
Configuration path: ?

[2020-12-14 01:11:56 #3 type] 
Type modelo.Empleado is not enhanced.

[2020-12-14 01:11:56 #4 type] 
Type modelo.Ordenador is not enhanced.

------------------------------------------------------------------------------------------------------------------------

[2020-12-14 01:12:35 #1 store] 
Database 'G:\cosas de clase\Cosas de todo\NetBeansProjects\SEGUNDO\Datos\JoseRamon\Proyecto_Final\empleados.odb' is opened by 13532@DESKTOP-59TAS1N

[2020-12-14 01:12:35 #2 store] 
Configuration path: ?

[2020-12-14 01:12:35 #3 type] 
Type modelo.Empleado is not enhanced.

[2020-12-14 01:12:35 #4 type] 
Type modelo.Ordenador is not enhanced.

------------------------------------------------------------------------------------------------------------------------

[2020-12-14 01:14:16 #1 store] 
Database 'G:\cosas de clase\Cosas de todo\NetBeansProjects\SEGUNDO\Datos\JoseRamon\Proyecto_Final\empleados.odb' is opened by 2492@DESKTOP-59TAS1N

[2020-12-14 01:14:16 #2 store] 
Configuration path: ?

[2020-12-14 01:14:16 #3 type] 
Type modelo.Empleado is not enhanced.

[2020-12-14 01:14:16 #4 type] 
Type modelo.Ordenador is not enhanced.

------------------------------------------------------------------------------------------------------------------------

[2020-12-14 01:14:51 #1 store] 
Database 'G:\cosas de clase\Cosas de todo\NetBeansProjects\SEGUNDO\Datos\JoseRamon\Proyecto_Final\empleados.odb' is opened by 11316@DESKTOP-59TAS1N

[2020-12-14 01:14:51 #2 store] 
Configuration path: ?

[2020-12-14 01:14:51 #3 type] 
Type modelo.Empleado is not enhanced.

[2020-12-14 01:14:51 #4 type] 
Type modelo.Ordenador is not enhanced.

------------------------------------------------------------------------------------------------------------------------

[2020-12-14 01:15:10 #1 store] 
Database 'G:\cosas de clase\Cosas de todo\NetBeansProjects\SEGUNDO\Datos\JoseRamon\Proyecto_Final\empleados.odb' is opened by 7640@DESKTOP-59TAS1N

[2020-12-14 01:15:10 #2 store] 
Configuration path: ?

[2020-12-14 01:15:11 #3 type] 
Type modelo.Empleado is not enhanced.

[2020-12-14 01:15:11 #4 type] 
Type modelo.Ordenador is not enhanced.

------------------------------------------------------------------------------------------------------------------------

[2020-12-14 01:16:05 #1 store] 
Database 'G:\cosas de clase\Cosas de todo\NetBeansProjects\SEGUNDO\Datos\JoseRamon\Proyecto_Final\empleados.odb' is opened by 14116@DESKTOP-59TAS1N

[2020-12-14 01:16:05 #2 store] 
Configuration path: ?

[2020-12-14 01:16:05 #3 type] 
Type modelo.Empleado is not enhanced.

[2020-12-14 01:16:05 #4 type] 
Type modelo.Ordenador is not enhanced.

------------------------------------------------------------------------------------------------------------------------

[2020-12-14 01:17:22 #1 store] 
Database 'G:\cosas de clase\Cosas de todo\NetBeansProjects\SEGUNDO\Datos\JoseRamon\Proyecto_Final\empleados.odb' is opened by 19480@DESKTOP-59TAS1N

[2020-12-14 01:17:22 #2 store] 
Configuration path: ?

[2020-12-14 01:17:22 #3 type] 
Type modelo.Empleado is not enhanced.

[2020-12-14 01:17:22 #4 type] 
Type modelo.Ordenador is not enhanced.

------------------------------------------------------------------------------------------------------------------------

[2020-12-14 01:18:11 #1 store] 
Database 'G:\cosas de clase\Cosas de todo\NetBeansProjects\SEGUNDO\Datos\JoseRamon\Proyecto_Final\empleados.odb' is opened by 11496@DESKTOP-59TAS1N

[2020-12-14 01:18:11 #2 store] 
Configuration path: ?

[2020-12-14 01:18:11 #3 type] 
Type modelo.Empleado is not enhanced.

[2020-12-14 01:18:11 #4 type] 
Type modelo.Ordenador is not enhanced.

------------------------------------------------------------------------------------------------------------------------

[2020-12-14 01:18:56 #1 store] 
Database 'G:\cosas de clase\Cosas de todo\NetBeansProjects\SEGUNDO\Datos\JoseRamon\Proyecto_Final\empleados.odb' is opened by 15052@DESKTOP-59TAS1N

[2020-12-14 01:18:56 #2 store] 
Configuration path: ?

[2020-12-14 01:18:56 #3 type] 
Type modelo.Empleado is not enhanced.

[2020-12-14 01:18:56 #4 type] 
Type modelo.Ordenador is not enhanced.

------------------------------------------------------------------------------------------------------------------------

[2020-12-14 01:19:48 #1 store] 
Database 'G:\cosas de clase\Cosas de todo\NetBeansProjects\SEGUNDO\Datos\JoseRamon\Proyecto_Final\empleados.odb' is opened by 14748@DESKTOP-59TAS1N

[2020-12-14 01:19:48 #2 store] 
Configuration path: ?

[2020-12-14 01:19:48 #3 type] 
Type modelo.Empleado is not enhanced.

[2020-12-14 01:19:48 #4 type] 
Type modelo.Ordenador is not enhanced.

------------------------------------------------------------------------------------------------------------------------

[2020-12-14 01:20:07 #1 store] 
Database 'G:\cosas de clase\Cosas de todo\NetBeansProjects\SEGUNDO\Datos\JoseRamon\Proyecto_Final\empleados.odb' is opened by 7728@DESKTOP-59TAS1N

[2020-12-14 01:20:07 #2 store] 
Configuration path: ?

[2020-12-14 01:20:07 #3 type] 
Type modelo.Empleado is not enhanced.

[2020-12-14 01:20:07 #4 type] 
Type modelo.Ordenador is not enhanced.

------------------------------------------------------------------------------------------------------------------------

[2020-12-14 01:21:38 #1 store] 
Database 'G:\cosas de clase\Cosas de todo\NetBeansProjects\SEGUNDO\Datos\JoseRamon\Proyecto_Final\empleados.odb' is opened by 8432@DESKTOP-59TAS1N

[2020-12-14 01:21:38 #2 store] 
Configuration path: ?

[2020-12-14 01:21:39 #3 type] 
Type modelo.Empleado is not enhanced.

[2020-12-14 01:21:39 #4 type] 
Type modelo.Ordenador is not enhanced.

------------------------------------------------------------------------------------------------------------------------

[2020-12-14 01:23:23 #1 store] 
Database 'G:\cosas de clase\Cosas de todo\NetBeansProjects\SEGUNDO\Datos\JoseRamon\Proyecto_Final\empleados.odb' is opened by 8692@DESKTOP-59TAS1N

[2020-12-14 01:23:23 #2 store] 
Configuration path: ?

[2020-12-14 01:23:24 #3 type] 
Type modelo.Empleado is not enhanced.

[2020-12-14 01:23:24 #4 type] 
Type modelo.Ordenador is not enhanced.

------------------------------------------------------------------------------------------------------------------------

[2020-12-14 01:24:19 #1 store] 
Database 'G:\cosas de clase\Cosas de todo\NetBeansProjects\SEGUNDO\Datos\JoseRamon\Proyecto_Final\empleados.odb' is opened by 15076@DESKTOP-59TAS1N

[2020-12-14 01:24:19 #2 store] 
Configuration path: ?

[2020-12-14 01:24:19 #3 type] 
Type modelo.Empleado is not enhanced.

[2020-12-14 01:24:19 #4 type] 
Type modelo.Ordenador is not enhanced.

------------------------------------------------------------------------------------------------------------------------

[2020-12-14 01:26:03 #1 store] 
Database 'G:\cosas de clase\Cosas de todo\NetBeansProjects\SEGUNDO\Datos\JoseRamon\Proyecto_Final\empleados.odb' is opened by 6476@DESKTOP-59TAS1N

[2020-12-14 01:26:03 #2 store] 
Configuration path: ?

[2020-12-14 01:26:03 #3 type] 
Type modelo.Empleado is not enhanced.

[2020-12-14 01:26:03 #4 type] 
Type modelo.Ordenador is not enhanced.

------------------------------------------------------------------------------------------------------------------------

[2020-12-14 01:33:52 #1 store] 
Database 'G:\cosas de clase\Cosas de todo\NetBeansProjects\SEGUNDO\Datos\JoseRamon\Proyecto_Final\empleados.odb' is opened by 18904@DESKTOP-59TAS1N

[2020-12-14 01:33:52 #2 store] 
Configuration path: ?

[2020-12-14 01:33:52 #3 type] 
Type modelo.Empleado is not enhanced.

[2020-12-14 01:33:52 #4 type] 
Type modelo.Ordenador is not enhanced.

------------------------------------------------------------------------------------------------------------------------

[2020-12-14 01:34:52 #1 store] 
Database 'G:\cosas de clase\Cosas de todo\NetBeansProjects\SEGUNDO\Datos\JoseRamon\Proyecto_Final\empleados.odb' has been recovered (tr. 70-70)

[2020-12-14 01:34:53 #2 store] 
Database 'G:\cosas de clase\Cosas de todo\NetBeansProjects\SEGUNDO\Datos\JoseRamon\Proyecto_Final\empleados.odb' is opened by 5280@DESKTOP-59TAS1N

[2020-12-14 01:34:53 #3 store] 
Configuration path: ?

[2020-12-14 01:34:53 #4 type] 
Type modelo.Empleado is not enhanced.

[2020-12-14 01:34:53 #5 type] 
Type modelo.Ordenador is not enhanced.

------------------------------------------------------------------------------------------------------------------------

[2020-12-14 01:38:46 #1 store] 
Database 'G:\cosas de clase\Cosas de todo\NetBeansProjects\SEGUNDO\Datos\JoseRamon\Proyecto_Final\empleados.odb' is opened by 16260@DESKTOP-59TAS1N

[2020-12-14 01:38:46 #2 store] 
Configuration path: ?

[2020-12-14 01:38:46 #3 type] 
Type modelo.Empleado is not enhanced.

[2020-12-14 01:38:46 #4 type] 
Type modelo.Ordenador is not enhanced.

------------------------------------------------------------------------------------------------------------------------

[2020-12-14 01:39:59 #1 store] 
Database 'G:\cosas de clase\Cosas de todo\NetBeansProjects\SEGUNDO\Datos\JoseRamon\Proyecto_Final\empleados.odb' is opened by 436@DESKTOP-59TAS1N

[2020-12-14 01:39:59 #2 store] 
Configuration path: ?

[2020-12-14 01:39:59 #3 type] 
Type modelo.Empleado is not enhanced.

[2020-12-14 01:39:59 #4 type] 
Type modelo.Ordenador is not enhanced.

------------------------------------------------------------------------------------------------------------------------

[2020-12-14 01:40:20 #1 store] 
Database 'G:\cosas de clase\Cosas de todo\NetBeansProjects\SEGUNDO\Datos\JoseRamon\Proyecto_Final\empleados.odb' is opened by 11720@DESKTOP-59TAS1N

[2020-12-14 01:40:20 #2 store] 
Configuration path: ?

[2020-12-14 01:40:20 #3 type] 
Type modelo.Empleado is not enhanced.

[2020-12-14 01:40:20 #4 type] 
Type modelo.Ordenador is not enhanced.

------------------------------------------------------------------------------------------------------------------------

[2020-12-14 01:42:08 #1 store] 
Database 'G:\cosas de clase\Cosas de todo\NetBeansProjects\SEGUNDO\Datos\JoseRamon\Proyecto_Final\empleados.odb' is opened by 6084@DESKTOP-59TAS1N

[2020-12-14 01:42:08 #2 store] 
Configuration path: ?

[2020-12-14 01:42:08 #3 type] 
Type modelo.Empleado is not enhanced.

[2020-12-14 01:42:08 #4 type] 
Type modelo.Ordenador is not enhanced.

------------------------------------------------------------------------------------------------------------------------

[2020-12-14 01:42:25 #1 store] 
Database 'G:\cosas de clase\Cosas de todo\NetBeansProjects\SEGUNDO\Datos\JoseRamon\Proyecto_Final\empleados.odb' has been recovered (tr. 73-73)

[2020-12-14 01:42:25 #2 store] 
Database 'G:\cosas de clase\Cosas de todo\NetBeansProjects\SEGUNDO\Datos\JoseRamon\Proyecto_Final\empleados.odb' is opened by 21304@DESKTOP-59TAS1N

[2020-12-14 01:42:25 #3 store] 
Configuration path: ?

[2020-12-14 01:42:25 #4 type] 
Type modelo.Empleado is not enhanced.

[2020-12-14 01:42:25 #5 type] 
Type modelo.Ordenador is not enhanced.

------------------------------------------------------------------------------------------------------------------------

[2020-12-14 01:43:25 #1 store] 
Database 'G:\cosas de clase\Cosas de todo\NetBeansProjects\SEGUNDO\Datos\JoseRamon\Proyecto_Final\empleados.odb' is opened by 17844@DESKTOP-59TAS1N

[2020-12-14 01:43:25 #2 store] 
Configuration path: ?

[2020-12-14 01:43:25 #3 type] 
Type modelo.Empleado is not enhanced.

[2020-12-14 01:43:25 #4 type] 
Type modelo.Ordenador is not enhanced.

------------------------------------------------------------------------------------------------------------------------

[2020-12-14 01:43:56 #1 store] 
Database 'G:\cosas de clase\Cosas de todo\NetBeansProjects\SEGUNDO\Datos\JoseRamon\Proyecto_Final\empleados.odb' has been recovered (tr. 75-75)

[2020-12-14 01:43:57 #2 store] 
Database 'G:\cosas de clase\Cosas de todo\NetBeansProjects\SEGUNDO\Datos\JoseRamon\Proyecto_Final\empleados.odb' is opened by 2880@DESKTOP-59TAS1N

[2020-12-14 01:43:57 #3 store] 
Configuration path: ?

[2020-12-14 01:43:57 #4 type] 
Type modelo.Empleado is not enhanced.

[2020-12-14 01:43:57 #5 type] 
Type modelo.Ordenador is not enhanced.

------------------------------------------------------------------------------------------------------------------------

[2020-12-14 01:44:53 #1 store] 
Database 'G:\cosas de clase\Cosas de todo\NetBeansProjects\SEGUNDO\Datos\JoseRamon\Proyecto_Final\empleados.odb' has been recovered (tr. 76-76)

[2020-12-14 01:44:53 #2 store] 
Database 'G:\cosas de clase\Cosas de todo\NetBeansProjects\SEGUNDO\Datos\JoseRamon\Proyecto_Final\empleados.odb' is opened by 6532@DESKTOP-59TAS1N

[2020-12-14 01:44:53 #3 store] 
Configuration path: ?

[2020-12-14 01:44:53 #4 type] 
Type modelo.Empleado is not enhanced.

[2020-12-14 01:44:53 #5 type] 
Type modelo.Ordenador is not enhanced.

------------------------------------------------------------------------------------------------------------------------

[2020-12-14 01:45:03 #1 store] 
Database 'G:\cosas de clase\Cosas de todo\NetBeansProjects\SEGUNDO\Datos\JoseRamon\Proyecto_Final\empleados.odb' has been recovered (tr. 77-77)

[2020-12-14 01:45:04 #2 store] 
Database 'G:\cosas de clase\Cosas de todo\NetBeansProjects\SEGUNDO\Datos\JoseRamon\Proyecto_Final\empleados.odb' is opened by 1280@DESKTOP-59TAS1N

[2020-12-14 01:45:04 #3 store] 
Configuration path: ?

[2020-12-14 01:45:04 #4 type] 
Type modelo.Empleado is not enhanced.

[2020-12-14 01:45:04 #5 type] 
Type modelo.Ordenador is not enhanced.

------------------------------------------------------------------------------------------------------------------------

[2020-12-14 01:46:31 #1 store] 
Database 'G:\cosas de clase\Cosas de todo\NetBeansProjects\SEGUNDO\Datos\JoseRamon\Proyecto_Final\empleados.odb' is opened by 11068@DESKTOP-59TAS1N

[2020-12-14 01:46:31 #2 store] 
Configuration path: ?

[2020-12-14 01:46:31 #3 type] 
Type modelo.Empleado is not enhanced.

[2020-12-14 01:46:31 #4 type] 
Type modelo.Ordenador is not enhanced.

------------------------------------------------------------------------------------------------------------------------

[2020-12-14 01:47:41 #1 store] 
Database 'G:\cosas de clase\Cosas de todo\NetBeansProjects\SEGUNDO\Datos\JoseRamon\Proyecto_Final\empleados.odb' has been recovered (tr. 79-79)

[2020-12-14 01:47:41 #2 store] 
Database 'G:\cosas de clase\Cosas de todo\NetBeansProjects\SEGUNDO\Datos\JoseRamon\Proyecto_Final\empleados.odb' is opened by 17224@DESKTOP-59TAS1N

[2020-12-14 01:47:41 #3 store] 
Configuration path: ?

[2020-12-14 01:47:41 #4 type] 
Type modelo.Empleado is not enhanced.

[2020-12-14 01:47:41 #5 type] 
Type modelo.Ordenador is not enhanced.

------------------------------------------------------------------------------------------------------------------------

[2020-12-14 01:49:12 #1 store] 
Database 'G:\cosas de clase\Cosas de todo\NetBeansProjects\SEGUNDO\Datos\JoseRamon\Proyecto_Final\empleados.odb' is opened by 4944@DESKTOP-59TAS1N

[2020-12-14 01:49:12 #2 store] 
Configuration path: ?

[2020-12-14 01:49:12 #3 type] 
Type modelo.Empleado is not enhanced.

[2020-12-14 01:49:12 #4 type] 
Type modelo.Ordenador is not enhanced.

------------------------------------------------------------------------------------------------------------------------

[2020-12-14 01:49:35 #1 store] 
Database 'G:\cosas de clase\Cosas de todo\NetBeansProjects\SEGUNDO\Datos\JoseRamon\Proyecto_Final\empleados.odb' has been recovered (tr. 83-83)

[2020-12-14 01:49:36 #2 store] 
Database 'G:\cosas de clase\Cosas de todo\NetBeansProjects\SEGUNDO\Datos\JoseRamon\Proyecto_Final\empleados.odb' is opened by 13684@DESKTOP-59TAS1N

[2020-12-14 01:49:36 #3 store] 
Configuration path: ?

[2020-12-14 01:49:36 #4 type] 
Type modelo.Empleado is not enhanced.

[2020-12-14 01:49:36 #5 type] 
Type modelo.Ordenador is not enhanced.

------------------------------------------------------------------------------------------------------------------------

[2020-12-14 01:50:00 #1 store] 
Database 'G:\cosas de clase\Cosas de todo\NetBeansProjects\SEGUNDO\Datos\JoseRamon\Proyecto_Final\empleados.odb' is opened by 9264@DESKTOP-59TAS1N

[2020-12-14 01:50:00 #2 store] 
Configuration path: ?

[2020-12-14 01:50:00 #3 type] 
Type modelo.Empleado is not enhanced.

[2020-12-14 01:50:00 #4 type] 
Type modelo.Ordenador is not enhanced.

------------------------------------------------------------------------------------------------------------------------

[2020-12-14 01:51:39 #1 store] 
Database 'G:\cosas de clase\Cosas de todo\NetBeansProjects\SEGUNDO\Datos\JoseRamon\Proyecto_Final\empleados.odb' is opened by 9408@DESKTOP-59TAS1N

[2020-12-14 01:51:39 #2 store] 
Configuration path: ?

[2020-12-14 01:51:39 #3 type] 
Type modelo.Empleado is not enhanced.

[2020-12-14 01:51:39 #4 type] 
Type modelo.Ordenador is not enhanced.

------------------------------------------------------------------------------------------------------------------------

[2020-12-14 01:56:39 #1 store] 
Database 'G:\cosas de clase\Cosas de todo\NetBeansProjects\SEGUNDO\Datos\JoseRamon\Proyecto_Final\empleados.odb' is opened by 8280@DESKTOP-59TAS1N

[2020-12-14 01:56:39 #2 store] 
Configuration path: ?

[2020-12-14 01:56:39 #3 type] 
Type modelo.Empleado is not enhanced.

[2020-12-14 01:56:39 #4 type] 
Type modelo.Ordenador is not enhanced.

------------------------------------------------------------------------------------------------------------------------

[2020-12-14 01:57:11 #1 store] 
Database 'G:\cosas de clase\Cosas de todo\NetBeansProjects\SEGUNDO\Datos\JoseRamon\Proyecto_Final\empleados.odb' is opened by 17628@DESKTOP-59TAS1N

[2020-12-14 01:57:11 #2 store] 
Configuration path: ?

[2020-12-14 01:57:11 #3 type] 
Type modelo.Empleado is not enhanced.

[2020-12-14 01:57:11 #4 type] 
Type modelo.Ordenador is not enhanced.

------------------------------------------------------------------------------------------------------------------------

[2020-12-14 02:04:37 #1 store] 
Database 'G:\cosas de clase\Cosas de todo\NetBeansProjects\SEGUNDO\Datos\JoseRamon\Proyecto_Final\empleados.odb' is opened by 8276@DESKTOP-59TAS1N

[2020-12-14 02:04:37 #2 store] 
Configuration path: ?

[2020-12-14 02:04:37 #3 type] 
Type modelo.Empleado is not enhanced.

[2020-12-14 02:04:37 #4 type] 
Type modelo.Ordenador is not enhanced.

------------------------------------------------------------------------------------------------------------------------

[2020-12-14 02:05:13 #1 store] 
Database 'G:\cosas de clase\Cosas de todo\NetBeansProjects\SEGUNDO\Datos\JoseRamon\Proyecto_Final\empleados.odb' is opened by 5648@DESKTOP-59TAS1N

[2020-12-14 02:05:13 #2 store] 
Configuration path: ?

[2020-12-14 02:05:13 #3 type] 
Type modelo.Empleado is not enhanced.

[2020-12-14 02:05:13 #4 type] 
Type modelo.Ordenador is not enhanced.

------------------------------------------------------------------------------------------------------------------------

[2020-12-14 02:17:49 #1 store] 
Database 'G:\cosas de clase\Cosas de todo\NetBeansProjects\SEGUNDO\Datos\JoseRamon\Proyecto_Final\empleados.odb' is opened by 12392@DESKTOP-59TAS1N

[2020-12-14 02:17:49 #2 store] 
Configuration path: ?

[2020-12-14 02:17:49 #3 type] 
Type modelo.Empleado is not enhanced.

[2020-12-14 02:17:49 #4 type] 
Type modelo.Ordenador is not enhanced.

------------------------------------------------------------------------------------------------------------------------

[2020-12-14 02:27:03 #1 store] 
Database 'G:\cosas de clase\Cosas de todo\NetBeansProjects\SEGUNDO\Datos\JoseRamon\Proyecto_Final\empleados.odb' is opened by 16832@DESKTOP-59TAS1N

[2020-12-14 02:27:03 #2 store] 
Configuration path: ?

[2020-12-14 02:27:03 #3 type] 
Type modelo.Empleado is not enhanced.

[2020-12-14 02:27:03 #4 type] 
Type modelo.Ordenador is not enhanced.

------------------------------------------------------------------------------------------------------------------------

[2020-12-14 11:10:44 #1 store] 
Database 'G:\cosas de clase\Cosas de todo\NetBeansProjects\SEGUNDO\Datos\JoseRamon\Proyecto_Final\empleados.odb' is opened by 11180@DESKTOP-59TAS1N

[2020-12-14 11:10:44 #2 store] 
Configuration path: ?

[2020-12-14 11:10:44 #3 type] 
Type modelo.Empleado is not enhanced.

[2020-12-14 11:10:44 #4 type] 
Type modelo.Ordenador is not enhanced.

------------------------------------------------------------------------------------------------------------------------

[2020-12-14 11:12:52 #1 store] 
Database 'G:\cosas de clase\Cosas de todo\NetBeansProjects\SEGUNDO\Datos\JoseRamon\Proyecto_Final\empleados.odb' is opened by 12352@DESKTOP-59TAS1N

[2020-12-14 11:12:52 #2 store] 
Configuration path: ?

[2020-12-14 11:12:53 #3 type] 
Type modelo.Empleado is not enhanced.

[2020-12-14 11:12:53 #4 type] 
Type modelo.Ordenador is not enhanced.

------------------------------------------------------------------------------------------------------------------------

[2020-12-14 11:13:47 #1 store] 
Database 'G:\cosas de clase\Cosas de todo\NetBeansProjects\SEGUNDO\Datos\JoseRamon\Proyecto_Final\empleados.odb' is opened by 20388@DESKTOP-59TAS1N

[2020-12-14 11:13:47 #2 store] 
Configuration path: ?

[2020-12-14 11:13:47 #3 type] 
Type modelo.Empleado is not enhanced.

[2020-12-14 11:13:47 #4 type] 
Type modelo.Ordenador is not enhanced.

------------------------------------------------------------------------------------------------------------------------

[2020-12-14 11:15:14 #1 store] 
Database 'G:\cosas de clase\Cosas de todo\NetBeansProjects\SEGUNDO\Datos\JoseRamon\Proyecto_Final\empleados.odb' is opened by 13148@DESKTOP-59TAS1N

[2020-12-14 11:15:14 #2 store] 
Configuration path: ?

[2020-12-14 11:15:15 #3 type] 
Type modelo.Empleado is not enhanced.

[2020-12-14 11:15:15 #4 type] 
Type modelo.Ordenador is not enhanced.

[2020-12-14 11:15:15 #5 type] 
Type modelo.Perifericos is not enhanced.

------------------------------------------------------------------------------------------------------------------------

[2020-12-14 11:37:43 #1 store] 
Database 'G:\cosas de clase\Cosas de todo\NetBeansProjects\SEGUNDO\Datos\JoseRamon\Proyecto_Final\empleados.odb' is opened by 19340@DESKTOP-59TAS1N

[2020-12-14 11:37:43 #2 store] 
Configuration path: ?

[2020-12-14 11:37:43 #3 type] 
Type modelo.Empleado is not enhanced.

[2020-12-14 11:37:43 #4 type] 
Type modelo.Ordenador is not enhanced.

[2020-12-14 11:37:43 #5 type] 
Type modelo.Perifericos is not enhanced.

------------------------------------------------------------------------------------------------------------------------

[2020-12-14 11:41:17 #1 store] 
Database 'G:\cosas de clase\Cosas de todo\NetBeansProjects\SEGUNDO\Datos\JoseRamon\Proyecto_Final\empleados.odb' is opened by 14164@DESKTOP-59TAS1N

[2020-12-14 11:41:17 #2 store] 
Configuration path: ?

[2020-12-14 11:41:17 #3 type] 
Type modelo.Empleado is not enhanced.

[2020-12-14 11:41:17 #4 type] 
Type modelo.Ordenador is not enhanced.

[2020-12-14 11:41:17 #5 type] 
Type modelo.Perifericos is not enhanced.

------------------------------------------------------------------------------------------------------------------------

[2020-12-14 11:48:47 #1 store] 
Database 'G:\cosas de clase\Cosas de todo\NetBeansProjects\SEGUNDO\Datos\JoseRamon\Proyecto_Final\empleados.odb' is opened by 18200@DESKTOP-59TAS1N

[2020-12-14 11:48:47 #2 store] 
Configuration path: ?

[2020-12-14 11:48:47 #3 type] 
Type modelo.Empleado is not enhanced.

[2020-12-14 11:48:47 #4 type] 
Type modelo.Ordenador is not enhanced.

[2020-12-14 11:48:47 #5 type] 
Type modelo.Perifericos is not enhanced.

------------------------------------------------------------------------------------------------------------------------

[2020-12-14 11:49:06 #1 store] 
Database 'G:\cosas de clase\Cosas de todo\NetBeansProjects\SEGUNDO\Datos\JoseRamon\Proyecto_Final\empleados.odb' is opened by 8412@DESKTOP-59TAS1N

[2020-12-14 11:49:06 #2 store] 
Configuration path: ?

[2020-12-14 11:49:06 #3 type] 
Type modelo.Empleado is not enhanced.

[2020-12-14 11:49:06 #4 type] 
Type modelo.Ordenador is not enhanced.

[2020-12-14 11:49:06 #5 type] 
Type modelo.Perifericos is not enhanced.

------------------------------------------------------------------------------------------------------------------------

[2020-12-14 11:49:55 #1 store] 
Database 'G:\cosas de clase\Cosas de todo\NetBeansProjects\SEGUNDO\Datos\JoseRamon\Proyecto_Final\empleados.odb' is opened by 20700@DESKTOP-59TAS1N

[2020-12-14 11:49:55 #2 store] 
Configuration path: ?

[2020-12-14 11:49:56 #3 type] 
Type modelo.Empleado is not enhanced.

[2020-12-14 11:49:56 #4 type] 
Type modelo.Ordenador is not enhanced.

[2020-12-14 11:49:56 #5 type] 
Type modelo.Perifericos is not enhanced.

------------------------------------------------------------------------------------------------------------------------

[2020-12-14 11:51:18 #1 store] 
Database 'G:\cosas de clase\Cosas de todo\NetBeansProjects\SEGUNDO\Datos\JoseRamon\Proyecto_Final\empleados.odb' is opened by 19352@DESKTOP-59TAS1N

[2020-12-14 11:51:18 #2 store] 
Configuration path: ?

[2020-12-14 11:51:18 #3 type] 
Type modelo.Empleado is not enhanced.

[2020-12-14 11:51:18 #4 type] 
Type modelo.Ordenador is not enhanced.

[2020-12-14 11:51:18 #5 type] 
Type modelo.Perifericos is not enhanced.

------------------------------------------------------------------------------------------------------------------------

[2020-12-14 11:53:59 #1 store] 
Database 'G:\cosas de clase\Cosas de todo\NetBeansProjects\SEGUNDO\Datos\JoseRamon\Proyecto_Final\empleados.odb' is opened by 14072@DESKTOP-59TAS1N

[2020-12-14 11:53:59 #2 store] 
Configuration path: ?

[2020-12-14 11:53:59 #3 type] 
Type modelo.Empleado is not enhanced.

[2020-12-14 11:53:59 #4 type] 
Type modelo.Ordenador is not enhanced.

[2020-12-14 11:53:59 #5 type] 
Type modelo.Perifericos is not enhanced.

------------------------------------------------------------------------------------------------------------------------

[2020-12-14 11:54:35 #1 store] 
Database 'G:\cosas de clase\Cosas de todo\NetBeansProjects\SEGUNDO\Datos\JoseRamon\Proyecto_Final\empleados.odb' is opened by 17272@DESKTOP-59TAS1N

[2020-12-14 11:54:35 #2 store] 
Configuration path: ?

[2020-12-14 11:54:35 #3 type] 
Type modelo.Empleado is not enhanced.

[2020-12-14 11:54:35 #4 type] 
Type modelo.Ordenador is not enhanced.

[2020-12-14 11:54:35 #5 type] 
Type modelo.Perifericos is not enhanced.

------------------------------------------------------------------------------------------------------------------------

[2020-12-14 11:54:58 #1 store] 
Database 'G:\cosas de clase\Cosas de todo\NetBeansProjects\SEGUNDO\Datos\JoseRamon\Proyecto_Final\empleados.odb' is opened by 1324@DESKTOP-59TAS1N

[2020-12-14 11:54:58 #2 store] 
Configuration path: ?

[2020-12-14 11:54:58 #3 type] 
Type modelo.Empleado is not enhanced.

[2020-12-14 11:54:58 #4 type] 
Type modelo.Ordenador is not enhanced.

[2020-12-14 11:54:58 #5 type] 
Type modelo.Perifericos is not enhanced.

------------------------------------------------------------------------------------------------------------------------

[2020-12-14 11:56:28 #1 store] 
Database 'G:\cosas de clase\Cosas de todo\NetBeansProjects\SEGUNDO\Datos\JoseRamon\Proyecto_Final\empleados.odb' is opened by 1376@DESKTOP-59TAS1N

[2020-12-14 11:56:28 #2 store] 
Configuration path: ?

[2020-12-14 11:56:28 #3 type] 
Type modelo.Empleado is not enhanced.

[2020-12-14 11:56:28 #4 type] 
Type modelo.Ordenador is not enhanced.

[2020-12-14 11:56:28 #5 type] 
Type modelo.Perifericos is not enhanced.

------------------------------------------------------------------------------------------------------------------------

[2020-12-14 11:57:20 #1 store] 
Database 'G:\cosas de clase\Cosas de todo\NetBeansProjects\SEGUNDO\Datos\JoseRamon\Proyecto_Final\empleados.odb' is opened by 5292@DESKTOP-59TAS1N

[2020-12-14 11:57:20 #2 store] 
Configuration path: ?

[2020-12-14 11:57:20 #3 type] 
Type modelo.Empleado is not enhanced.

[2020-12-14 11:57:20 #4 type] 
Type modelo.Ordenador is not enhanced.

[2020-12-14 11:57:20 #5 type] 
Type modelo.Perifericos is not enhanced.

------------------------------------------------------------------------------------------------------------------------

[2020-12-14 11:58:05 #1 store] 
Database 'G:\cosas de clase\Cosas de todo\NetBeansProjects\SEGUNDO\Datos\JoseRamon\Proyecto_Final\empleados.odb' is opened by 12680@DESKTOP-59TAS1N

[2020-12-14 11:58:05 #2 store] 
Configuration path: ?

[2020-12-14 11:58:05 #3 type] 
Type modelo.Empleado is not enhanced.

[2020-12-14 11:58:05 #4 type] 
Type modelo.Ordenador is not enhanced.

[2020-12-14 11:58:05 #5 type] 
Type modelo.Perifericos is not enhanced.

------------------------------------------------------------------------------------------------------------------------

[2020-12-14 12:44:27 #1 store] 
Database 'G:\cosas de clase\Cosas de todo\NetBeansProjects\SEGUNDO\Datos\JoseRamon\Proyecto_Final\empleados.odb' is opened by 16072@DESKTOP-59TAS1N

[2020-12-14 12:44:27 #2 store] 
Configuration path: ?

[2020-12-14 12:44:27 #3 type] 
Type modelo.Empleado is not enhanced.

[2020-12-14 12:44:27 #4 type] 
Type modelo.Ordenador is not enhanced.

[2020-12-14 12:44:27 #5 type] 
Type modelo.Perifericos is not enhanced.

------------------------------------------------------------------------------------------------------------------------

[2020-12-14 12:45:05 #1 store] 
Database 'G:\cosas de clase\Cosas de todo\NetBeansProjects\SEGUNDO\Datos\JoseRamon\Proyecto_Final\empleados.odb' is opened by 13812@DESKTOP-59TAS1N

[2020-12-14 12:45:05 #2 store] 
Configuration path: ?

[2020-12-14 12:45:06 #3 type] 
Type modelo.Empleado is not enhanced.

[2020-12-14 12:45:06 #4 type] 
Type modelo.Ordenador is not enhanced.

[2020-12-14 12:45:06 #5 type] 
Type modelo.Perifericos is not enhanced.

------------------------------------------------------------------------------------------------------------------------

[2020-12-14 12:46:24 #1 store] 
Database 'G:\cosas de clase\Cosas de todo\NetBeansProjects\SEGUNDO\Datos\JoseRamon\Proyecto_Final\empleados.odb' is opened by 13684@DESKTOP-59TAS1N

[2020-12-14 12:46:24 #2 store] 
Configuration path: ?

[2020-12-14 12:46:24 #3 type] 
Type modelo.Empleado is not enhanced.

[2020-12-14 12:46:24 #4 type] 
Type modelo.Ordenador is not enhanced.

[2020-12-14 12:46:24 #5 type] 
Type modelo.Perifericos is not enhanced.

[2020-12-14 12:46:50 #6 *] 
java.lang.ClassCastException: com.objectdb.o.STT cannot be cast to com.objectdb.o.UTY
	at com.objectdb.o.TVS.b(TVS.java:94)
	at com.objectdb.jpa.EMImpl.remove(EMImpl.java:437)
	at controlador.Controlador.EliminarPeriferico(Controlador.java:209)
	at vista.EliminarPeriferico.jButton2ActionPerformed(EliminarPeriferico.java:159)
	at vista.EliminarPeriferico.access$100(EliminarPeriferico.java:8)
	at vista.EliminarPeriferico$2.actionPerformed(EliminarPeriferico.java:52)
	at javax.swing.AbstractButton.fireActionPerformed(AbstractButton.java:2022)
	at javax.swing.AbstractButton$Handler.actionPerformed(AbstractButton.java:2348)
	at javax.swing.DefaultButtonModel.fireActionPerformed(DefaultButtonModel.java:402)
	at javax.swing.DefaultButtonModel.setPressed(DefaultButtonModel.java:259)
	at javax.swing.plaf.basic.BasicButtonListener.mouseReleased(BasicButtonListener.java:252)
	at java.awt.Component.processMouseEvent(Component.java:6539)
	at javax.swing.JComponent.processMouseEvent(JComponent.java:3324)
	at java.awt.Component.processEvent(Component.java:6304)
	at java.awt.Container.processEvent(Container.java:2239)
	at java.awt.Component.dispatchEventImpl(Component.java:4889)
	at java.awt.Container.dispatchEventImpl(Container.java:2297)
	at java.awt.Component.dispatchEvent(Component.java:4711)
	at java.awt.LightweightDispatcher.retargetMouseEvent(Container.java:4904)
	at java.awt.LightweightDispatcher.processMouseEvent(Container.java:4535)
	at java.awt.LightweightDispatcher.dispatchEvent(Container.java:4476)
	at java.awt.Container.dispatchEventImpl(Container.java:2283)
	at java.awt.Window.dispatchEventImpl(Window.java:2746)
	at java.awt.Component.dispatchEvent(Component.java:4711)
	at java.awt.EventQueue.dispatchEventImpl(EventQueue.java:760)
	at java.awt.EventQueue.access$500(EventQueue.java:97)
	at java.awt.EventQueue$3.run(EventQueue.java:709)
	at java.awt.EventQueue$3.run(EventQueue.java:703)
	at java.security.AccessController.doPrivileged(Native Method)
	at java.security.ProtectionDomain$JavaSecurityAccessImpl.doIntersectionPrivilege(ProtectionDomain.java:74)
	at java.security.ProtectionDomain$JavaSecurityAccessImpl.doIntersectionPrivilege(ProtectionDomain.java:84)
	at java.awt.EventQueue$4.run(EventQueue.java:733)
	at java.awt.EventQueue$4.run(EventQueue.java:731)
	at java.security.AccessController.doPrivileged(Native Method)
	at java.security.ProtectionDomain$JavaSecurityAccessImpl.doIntersectionPrivilege(ProtectionDomain.java:74)
	at java.awt.EventQueue.dispatchEvent(EventQueue.java:730)
	at java.awt.EventDispatchThread.pumpOneEventForFilters(EventDispatchThread.java:205)
	at java.awt.EventDispatchThread.pumpEventsForFilter(EventDispatchThread.java:116)
	at java.awt.EventDispatchThread.pumpEventsForHierarchy(EventDispatchThread.java:105)
	at java.awt.EventDispatchThread.pumpEvents(EventDispatchThread.java:101)
	at java.awt.EventDispatchThread.pumpEvents(EventDispatchThread.java:93)
	at java.awt.EventDispatchThread.run(EventDispatchThread.java:82)

------------------------------------------------------------------------------------------------------------------------

[2020-12-14 13:00:02 #1 store] 
Database 'G:\cosas de clase\Cosas de todo\NetBeansProjects\SEGUNDO\Datos\JoseRamon\Proyecto_Final\empleados.odb' is opened by 17896@DESKTOP-59TAS1N

[2020-12-14 13:00:02 #2 store] 
Configuration path: ?

[2020-12-14 13:00:02 #3 type] 
Type modelo.Empleado is not enhanced.

[2020-12-14 13:00:02 #4 type] 
Type modelo.Ordenador is not enhanced.

[2020-12-14 13:00:02 #5 type] 
Type modelo.Perifericos is not enhanced.

------------------------------------------------------------------------------------------------------------------------

[2020-12-14 13:10:18 #1 store] 
Database 'G:\cosas de clase\Cosas de todo\NetBeansProjects\SEGUNDO\Datos\JoseRamon\Proyecto_Final\empleados.odb' is opened by 9332@DESKTOP-59TAS1N

[2020-12-14 13:10:18 #2 store] 
Configuration path: ?

[2020-12-14 13:10:19 #3 type] 
Type modelo.Empleado is not enhanced.

[2020-12-14 13:10:19 #4 type] 
Type modelo.Ordenador is not enhanced.

[2020-12-14 13:10:19 #5 type] 
Type modelo.Perifericos is not enhanced.

------------------------------------------------------------------------------------------------------------------------

[2020-12-14 13:13:58 #1 store] 
Database 'G:\cosas de clase\Cosas de todo\NetBeansProjects\SEGUNDO\Datos\JoseRamon\Proyecto_Final\empleados.odb' is opened by 13568@DESKTOP-59TAS1N

[2020-12-14 13:13:58 #2 store] 
Configuration path: ?

[2020-12-14 13:13:58 #3 type] 
Type modelo.Empleado is not enhanced.

[2020-12-14 13:13:58 #4 type] 
Type modelo.Ordenador is not enhanced.

[2020-12-14 13:13:58 #5 type] 
Type modelo.Perifericos is not enhanced.

------------------------------------------------------------------------------------------------------------------------

[2020-12-14 13:14:30 #1 store] 
Database 'G:\cosas de clase\Cosas de todo\NetBeansProjects\SEGUNDO\Datos\JoseRamon\Proyecto_Final\empleados.odb' has been recovered (tr. 92-92)

[2020-12-14 13:14:30 #2 store] 
Database 'G:\cosas de clase\Cosas de todo\NetBeansProjects\SEGUNDO\Datos\JoseRamon\Proyecto_Final\empleados.odb' is opened by 3776@DESKTOP-59TAS1N

[2020-12-14 13:14:30 #3 store] 
Configuration path: ?

[2020-12-14 13:14:31 #4 type] 
Type modelo.Empleado is not enhanced.

[2020-12-14 13:14:31 #5 type] 
Type modelo.Ordenador is not enhanced.

[2020-12-14 13:14:31 #6 type] 
Type modelo.Perifericos is not enhanced.

------------------------------------------------------------------------------------------------------------------------

[2020-12-14 17:37:28 #1 store] 
Database 'G:\cosas de clase\Cosas de todo\NetBeansProjects\SEGUNDO\Datos\JoseRamon\Proyecto_Final\empleados.odb' is opened by 13132@DESKTOP-59TAS1N

[2020-12-14 17:37:28 #2 store] 
Configuration path: ?

[2020-12-14 17:37:29 #3 type] 
Type modelo.Empleado is not enhanced.

[2020-12-14 17:37:29 #4 type] 
Type modelo.Ordenador is not enhanced.

[2020-12-14 17:37:29 #5 type] 
Type modelo.Perifericos is not enhanced.

------------------------------------------------------------------------------------------------------------------------

[2020-12-14 17:51:12 #1 store] 
Database 'G:\cosas de clase\Cosas de todo\NetBeansProjects\SEGUNDO\Datos\JoseRamon\Proyecto_Final\empleados.odb' has been recovered (tr. 93-93)

[2020-12-14 17:51:13 #2 store] 
Database 'G:\cosas de clase\Cosas de todo\NetBeansProjects\SEGUNDO\Datos\JoseRamon\Proyecto_Final\empleados.odb' is opened by 17696@DESKTOP-59TAS1N

[2020-12-14 17:51:13 #3 store] 
Configuration path: ?

[2020-12-14 17:51:13 #4 type] 
Type modelo.Empleado is not enhanced.

[2020-12-14 17:51:13 #5 type] 
Type modelo.Ordenador is not enhanced.

[2020-12-14 17:51:13 #6 type] 
Type modelo.Perifericos is not enhanced.

------------------------------------------------------------------------------------------------------------------------

[2020-12-14 18:24:18 #1 store] 
Database 'G:\cosas de clase\Cosas de todo\NetBeansProjects\SEGUNDO\Datos\JoseRamon\Proyecto_Final\empleados.odb' is opened by 2780@DESKTOP-59TAS1N

[2020-12-14 18:24:18 #2 store] 
Configuration path: ?

[2020-12-14 18:24:18 #3 type] 
Type modelo.Empleado is not enhanced.

[2020-12-14 18:24:18 #4 type] 
Type modelo.Ordenador is not enhanced.

[2020-12-14 18:24:18 #5 type] 
Type modelo.Perifericos is not enhanced.

------------------------------------------------------------------------------------------------------------------------

[2020-12-14 18:30:12 #1 store] 
Database 'G:\cosas de clase\Cosas de todo\NetBeansProjects\SEGUNDO\Datos\JoseRamon\Proyecto_Final\empleados.odb' is opened by 14108@DESKTOP-59TAS1N

[2020-12-14 18:30:12 #2 store] 
Configuration path: ?

[2020-12-14 18:30:12 #3 type] 
Type modelo.Empleado is not enhanced.

[2020-12-14 18:30:12 #4 type] 
Type modelo.Ordenador is not enhanced.

[2020-12-14 18:30:12 #5 type] 
Type modelo.Perifericos is not enhanced.

------------------------------------------------------------------------------------------------------------------------

[2020-12-14 18:30:44 #1 store] 
Database 'G:\cosas de clase\Cosas de todo\NetBeansProjects\SEGUNDO\Datos\JoseRamon\Proyecto_Final\empleados.odb' has been recovered (tr. 94-94)

[2020-12-14 18:30:46 #2 store] 
Database 'G:\cosas de clase\Cosas de todo\NetBeansProjects\SEGUNDO\Datos\JoseRamon\Proyecto_Final\empleados.odb' is opened by 13156@DESKTOP-59TAS1N

[2020-12-14 18:30:46 #3 store] 
Configuration path: ?

[2020-12-14 18:30:46 #4 type] 
Type modelo.Empleado is not enhanced.

[2020-12-14 18:30:46 #5 type] 
Type modelo.Ordenador is not enhanced.

[2020-12-14 18:30:46 #6 type] 
Type modelo.Perifericos is not enhanced.

------------------------------------------------------------------------------------------------------------------------

[2020-12-14 19:14:24 #1 store] 
Database 'G:\cosas de clase\Cosas de todo\NetBeansProjects\SEGUNDO\Datos\JoseRamon\Proyecto_Final\empleados.odb' has been recovered (tr. 95-95)

[2020-12-14 19:14:25 #2 store] 
Database 'G:\cosas de clase\Cosas de todo\NetBeansProjects\SEGUNDO\Datos\JoseRamon\Proyecto_Final\empleados.odb' is opened by 13380@DESKTOP-59TAS1N

[2020-12-14 19:14:25 #3 store] 
Configuration path: ?

[2020-12-14 19:14:25 #4 type] 
Type modelo.Empleado is not enhanced.

[2020-12-14 19:14:25 #5 type] 
Type modelo.Ordenador is not enhanced.

[2020-12-14 19:14:25 #6 type] 
Type modelo.Perifericos is not enhanced.

------------------------------------------------------------------------------------------------------------------------

[2020-12-14 19:16:20 #1 store] 
Database 'G:\cosas de clase\Cosas de todo\NetBeansProjects\SEGUNDO\Datos\JoseRamon\Proyecto_Final\empleados.odb' is opened by 20244@DESKTOP-59TAS1N

[2020-12-14 19:16:20 #2 store] 
Configuration path: ?

[2020-12-14 19:16:20 #3 type] 
Type modelo.Empleado is not enhanced.

[2020-12-14 19:16:20 #4 type] 
Type modelo.Ordenador is not enhanced.

[2020-12-14 19:16:20 #5 type] 
Type modelo.Perifericos is not enhanced.

------------------------------------------------------------------------------------------------------------------------

[2020-12-14 19:32:50 #1 store] 
Database 'G:\cosas de clase\Cosas de todo\NetBeansProjects\SEGUNDO\Datos\JoseRamon\Proyecto_Final\empleados.odb' is opened by 9192@DESKTOP-59TAS1N

[2020-12-14 19:32:50 #2 store] 
Configuration path: ?

[2020-12-14 19:32:50 #3 type] 
Type modelo.Empleado is not enhanced.

[2020-12-14 19:32:50 #4 type] 
Type modelo.Ordenador is not enhanced.

[2020-12-14 19:32:50 #5 type] 
Type modelo.Perifericos is not enhanced.

------------------------------------------------------------------------------------------------------------------------

[2020-12-14 19:35:03 #1 store] 
Database 'G:\cosas de clase\Cosas de todo\NetBeansProjects\SEGUNDO\Datos\JoseRamon\Proyecto_Final\empleados.odb' is opened by 6248@DESKTOP-59TAS1N

[2020-12-14 19:35:03 #2 store] 
Configuration path: ?

[2020-12-14 19:35:03 #3 type] 
Type modelo.Empleado is not enhanced.

[2020-12-14 19:35:03 #4 type] 
Type modelo.Ordenador is not enhanced.

[2020-12-14 19:35:03 #5 type] 
Type modelo.Perifericos is not enhanced.

------------------------------------------------------------------------------------------------------------------------

[2020-12-14 19:36:02 #1 store] 
Database 'G:\cosas de clase\Cosas de todo\NetBeansProjects\SEGUNDO\Datos\JoseRamon\Proyecto_Final\empleados.odb' has been recovered (tr. 97-97)

[2020-12-14 19:36:03 #2 store] 
Database 'G:\cosas de clase\Cosas de todo\NetBeansProjects\SEGUNDO\Datos\JoseRamon\Proyecto_Final\empleados.odb' is opened by 14028@DESKTOP-59TAS1N

[2020-12-14 19:36:03 #3 store] 
Configuration path: ?

[2020-12-14 19:36:03 #4 type] 
Type modelo.Empleado is not enhanced.

[2020-12-14 19:36:03 #5 type] 
Type modelo.Ordenador is not enhanced.

[2020-12-14 19:36:03 #6 type] 
Type modelo.Perifericos is not enhanced.

------------------------------------------------------------------------------------------------------------------------

[2020-12-14 19:37:04 #1 store] 
Database 'G:\cosas de clase\Cosas de todo\NetBeansProjects\SEGUNDO\Datos\JoseRamon\Proyecto_Final\empleados.odb' is opened by 20564@DESKTOP-59TAS1N

[2020-12-14 19:37:04 #2 store] 
Configuration path: ?

[2020-12-14 19:37:04 #3 type] 
Type modelo.Empleado is not enhanced.

[2020-12-14 19:37:04 #4 type] 
Type modelo.Ordenador is not enhanced.

[2020-12-14 19:37:04 #5 type] 
Type modelo.Perifericos is not enhanced.

------------------------------------------------------------------------------------------------------------------------

[2020-12-14 19:37:39 #1 store] 
Database 'G:\cosas de clase\Cosas de todo\NetBeansProjects\SEGUNDO\Datos\JoseRamon\Proyecto_Final\empleados.odb' is opened by 6356@DESKTOP-59TAS1N

[2020-12-14 19:37:39 #2 store] 
Configuration path: ?

[2020-12-14 19:37:39 #3 type] 
Type modelo.Empleado is not enhanced.

[2020-12-14 19:37:39 #4 type] 
Type modelo.Ordenador is not enhanced.

[2020-12-14 19:37:39 #5 type] 
Type modelo.Perifericos is not enhanced.

------------------------------------------------------------------------------------------------------------------------

[2020-12-14 19:39:11 #1 store] 
Database 'G:\cosas de clase\Cosas de todo\NetBeansProjects\SEGUNDO\Datos\JoseRamon\Proyecto_Final\empleados.odb' is opened by 10772@DESKTOP-59TAS1N

[2020-12-14 19:39:11 #2 store] 
Configuration path: ?

[2020-12-14 19:39:12 #3 type] 
Type modelo.Empleado is not enhanced.

[2020-12-14 19:39:12 #4 type] 
Type modelo.Ordenador is not enhanced.

[2020-12-14 19:39:12 #5 type] 
Type modelo.Perifericos is not enhanced.

------------------------------------------------------------------------------------------------------------------------

[2020-12-14 19:40:29 #1 store] 
Database 'G:\cosas de clase\Cosas de todo\NetBeansProjects\SEGUNDO\Datos\JoseRamon\Proyecto_Final\empleados.odb' has been recovered (tr. 98-98)

[2020-12-14 19:40:30 #2 store] 
Database 'G:\cosas de clase\Cosas de todo\NetBeansProjects\SEGUNDO\Datos\JoseRamon\Proyecto_Final\empleados.odb' is opened by 14864@DESKTOP-59TAS1N

[2020-12-14 19:40:30 #3 store] 
Configuration path: ?

[2020-12-14 19:40:30 #4 type] 
Type modelo.Empleado is not enhanced.

[2020-12-14 19:40:30 #5 type] 
Type modelo.Ordenador is not enhanced.

[2020-12-14 19:40:30 #6 type] 
Type modelo.Perifericos is not enhanced.

------------------------------------------------------------------------------------------------------------------------

[2020-12-14 19:41:20 #1 store] 
Database 'G:\cosas de clase\Cosas de todo\NetBeansProjects\SEGUNDO\Datos\JoseRamon\Proyecto_Final\empleados.odb' is opened by 13296@DESKTOP-59TAS1N

[2020-12-14 19:41:20 #2 store] 
Configuration path: ?

[2020-12-14 19:41:20 #3 type] 
Type modelo.Empleado is not enhanced.

[2020-12-14 19:41:21 #4 type] 
Type modelo.Ordenador is not enhanced.

[2020-12-14 19:41:21 #5 type] 
Type modelo.Perifericos is not enhanced.

------------------------------------------------------------------------------------------------------------------------

[2020-12-14 19:42:33 #1 store] 
Database 'G:\cosas de clase\Cosas de todo\NetBeansProjects\SEGUNDO\Datos\JoseRamon\Proyecto_Final\empleados.odb' has been recovered (tr. 99-99)

[2020-12-14 19:42:33 #2 store] 
Database 'G:\cosas de clase\Cosas de todo\NetBeansProjects\SEGUNDO\Datos\JoseRamon\Proyecto_Final\empleados.odb' is opened by 14792@DESKTOP-59TAS1N

[2020-12-14 19:42:33 #3 store] 
Configuration path: ?

[2020-12-14 19:42:33 #4 type] 
Type modelo.Empleado is not enhanced.

[2020-12-14 19:42:33 #5 type] 
Type modelo.Ordenador is not enhanced.

[2020-12-14 19:42:33 #6 type] 
Type modelo.Perifericos is not enhanced.

------------------------------------------------------------------------------------------------------------------------

[2020-12-14 20:53:29 #1 store] 
Database 'G:\cosas de clase\Cosas de todo\NetBeansProjects\SEGUNDO\Datos\JoseRamon\Proyecto_Final\empleados.odb' has been recovered (tr. 100-100)

[2020-12-14 20:53:31 #2 store] 
Database 'G:\cosas de clase\Cosas de todo\NetBeansProjects\SEGUNDO\Datos\JoseRamon\Proyecto_Final\empleados.odb' is opened by 8256@DESKTOP-59TAS1N

[2020-12-14 20:53:31 #3 store] 
Configuration path: ?

[2020-12-14 20:53:31 #4 type] 
Type modelo.Empleado is not enhanced.

[2020-12-14 20:53:31 #5 type] 
Type modelo.Ordenador is not enhanced.

[2020-12-14 20:53:31 #6 type] 
Type modelo.Perifericos is not enhanced.

