------------------------------------------------------------------------------------------------------------------------

[2020-12-11 00:06:42 #1 store] 
Database 'G:\cosas de clase\Cosas de todo\NetBeansProjects\SEGUNDO\Datos\JoseRamon\Proyecto_Final\empleados.odb' has been recovered (tr. 18-22)

[2020-12-11 00:06:42 #2 store] 
Database 'G:\cosas de clase\Cosas de todo\NetBeansProjects\SEGUNDO\Datos\JoseRamon\Proyecto_Final\empleados.odb' is opened by 23528@DESKTOP-59TAS1N

[2020-12-11 00:06:42 #3 store] 
Configuration path: ?

[2020-12-11 00:06:42 #4 type] 
Type modelo.Empleado is not enhanced.

[2020-12-11 00:06:42 #5 type] 
Type modelo.Ordenador is not enhanced.

------------------------------------------------------------------------------------------------------------------------

[2020-12-11 19:07:13 #1 store] 
Database 'G:\cosas de clase\Cosas de todo\NetBeansProjects\SEGUNDO\Datos\JoseRamon\Proyecto_Final\empleados.odb' is opened by 7744@DESKTOP-59TAS1N

[2020-12-11 19:07:13 #2 store] 
Configuration path: ?

[2020-12-11 19:07:13 #3 type] 
Type modelo.Empleado is not enhanced.

[2020-12-11 19:07:13 #4 type] 
Type modelo.Ordenador is not enhanced.

