------------------------------------------------------------------------------------------------------------------------

[2020-12-13 14:15:09 #1 store] 
Database 'G:\cosas de clase\Cosas de todo\NetBeansProjects\SEGUNDO\Datos\JoseRamon\Proyecto_Final\empleados.odb' has been recovered (tr. 23-23)

[2020-12-13 14:15:10 #2 store] 
Database 'G:\cosas de clase\Cosas de todo\NetBeansProjects\SEGUNDO\Datos\JoseRamon\Proyecto_Final\empleados.odb' is opened by 13064@DESKTOP-59TAS1N

[2020-12-13 14:15:10 #3 store] 
Configuration path: ?

[2020-12-13 14:15:10 #4 type] 
Type modelo.Empleado is not enhanced.

[2020-12-13 14:15:10 #5 type] 
Type modelo.Ordenador is not enhanced.

------------------------------------------------------------------------------------------------------------------------

[2020-12-13 14:18:42 #1 store] 
Database 'G:\cosas de clase\Cosas de todo\NetBeansProjects\SEGUNDO\Datos\JoseRamon\Proyecto_Final\empleados.odb' has been recovered (tr. 24-24)

[2020-12-13 14:18:42 #2 store] 
Database 'G:\cosas de clase\Cosas de todo\NetBeansProjects\SEGUNDO\Datos\JoseRamon\Proyecto_Final\empleados.odb' is opened by 21220@DESKTOP-59TAS1N

[2020-12-13 14:18:42 #3 store] 
Configuration path: ?

[2020-12-13 14:18:42 #4 type] 
Type modelo.Empleado is not enhanced.

[2020-12-13 14:18:42 #5 type] 
Type modelo.Ordenador is not enhanced.

------------------------------------------------------------------------------------------------------------------------

[2020-12-13 14:19:48 #1 store] 
Database 'G:\cosas de clase\Cosas de todo\NetBeansProjects\SEGUNDO\Datos\JoseRamon\Proyecto_Final\empleados.odb' has been recovered (tr. 25-25)

[2020-12-13 14:19:48 #2 store] 
Database 'G:\cosas de clase\Cosas de todo\NetBeansProjects\SEGUNDO\Datos\JoseRamon\Proyecto_Final\empleados.odb' is opened by 18696@DESKTOP-59TAS1N

[2020-12-13 14:19:48 #3 store] 
Configuration path: ?

[2020-12-13 14:19:48 #4 type] 
Type modelo.Empleado is not enhanced.

[2020-12-13 14:19:48 #5 type] 
Type modelo.Ordenador is not enhanced.

------------------------------------------------------------------------------------------------------------------------

[2020-12-13 14:20:26 #1 store] 
Database 'G:\cosas de clase\Cosas de todo\NetBeansProjects\SEGUNDO\Datos\JoseRamon\Proyecto_Final\empleados.odb' is opened by 8716@DESKTOP-59TAS1N

[2020-12-13 14:20:26 #2 store] 
Configuration path: ?

[2020-12-13 14:20:26 #3 type] 
Type modelo.Empleado is not enhanced.

[2020-12-13 14:20:26 #4 type] 
Type modelo.Ordenador is not enhanced.

------------------------------------------------------------------------------------------------------------------------

[2020-12-13 14:20:42 #1 store] 
Database 'G:\cosas de clase\Cosas de todo\NetBeansProjects\SEGUNDO\Datos\JoseRamon\Proyecto_Final\empleados.odb' is opened by 17060@DESKTOP-59TAS1N

[2020-12-13 14:20:42 #2 store] 
Configuration path: ?

[2020-12-13 14:20:42 #3 type] 
Type modelo.Empleado is not enhanced.

[2020-12-13 14:20:42 #4 type] 
Type modelo.Ordenador is not enhanced.

------------------------------------------------------------------------------------------------------------------------

[2020-12-13 14:21:24 #1 store] 
Database 'G:\cosas de clase\Cosas de todo\NetBeansProjects\SEGUNDO\Datos\JoseRamon\Proyecto_Final\empleados.odb' is opened by 11820@DESKTOP-59TAS1N

[2020-12-13 14:21:24 #2 store] 
Configuration path: ?

[2020-12-13 14:21:24 #3 type] 
Type modelo.Empleado is not enhanced.

[2020-12-13 14:21:24 #4 type] 
Type modelo.Ordenador is not enhanced.

------------------------------------------------------------------------------------------------------------------------

[2020-12-13 14:23:38 #1 store] 
Database 'G:\cosas de clase\Cosas de todo\NetBeansProjects\SEGUNDO\Datos\JoseRamon\Proyecto_Final\empleados.odb' is opened by 7576@DESKTOP-59TAS1N

[2020-12-13 14:23:38 #2 store] 
Configuration path: ?

[2020-12-13 14:23:38 #3 type] 
Type modelo.Empleado is not enhanced.

[2020-12-13 14:23:38 #4 type] 
Type modelo.Ordenador is not enhanced.

------------------------------------------------------------------------------------------------------------------------

[2020-12-13 14:24:56 #1 store] 
Database 'G:\cosas de clase\Cosas de todo\NetBeansProjects\SEGUNDO\Datos\JoseRamon\Proyecto_Final\empleados.odb' has been recovered (tr. 26-29)

[2020-12-13 14:24:56 #2 store] 
Database 'G:\cosas de clase\Cosas de todo\NetBeansProjects\SEGUNDO\Datos\JoseRamon\Proyecto_Final\empleados.odb' is opened by 23428@DESKTOP-59TAS1N

[2020-12-13 14:24:56 #3 store] 
Configuration path: ?

[2020-12-13 14:24:56 #4 type] 
Type modelo.Empleado is not enhanced.

[2020-12-13 14:24:56 #5 type] 
Type modelo.Ordenador is not enhanced.

------------------------------------------------------------------------------------------------------------------------

[2020-12-13 14:26:31 #1 store] 
Database 'G:\cosas de clase\Cosas de todo\NetBeansProjects\SEGUNDO\Datos\JoseRamon\Proyecto_Final\empleados.odb' is opened by 17488@DESKTOP-59TAS1N

[2020-12-13 14:26:31 #2 store] 
Configuration path: ?

[2020-12-13 14:26:31 #3 type] 
Type modelo.Empleado is not enhanced.

[2020-12-13 14:26:31 #4 type] 
Type modelo.Ordenador is not enhanced.

------------------------------------------------------------------------------------------------------------------------

[2020-12-13 14:31:03 #1 store] 
Database 'G:\cosas de clase\Cosas de todo\NetBeansProjects\SEGUNDO\Datos\JoseRamon\Proyecto_Final\empleados.odb' has been recovered (tr. 30-30)

[2020-12-13 14:31:04 #2 store] 
Database 'G:\cosas de clase\Cosas de todo\NetBeansProjects\SEGUNDO\Datos\JoseRamon\Proyecto_Final\empleados.odb' is opened by 12128@DESKTOP-59TAS1N

[2020-12-13 14:31:04 #3 store] 
Configuration path: ?

[2020-12-13 14:31:04 #4 type] 
Type modelo.Empleado is not enhanced.

[2020-12-13 14:31:04 #5 type] 
Type modelo.Ordenador is not enhanced.

------------------------------------------------------------------------------------------------------------------------

[2020-12-13 14:43:51 #1 store] 
Database 'G:\cosas de clase\Cosas de todo\NetBeansProjects\SEGUNDO\Datos\JoseRamon\Proyecto_Final\empleados.odb' has been recovered (tr. 31-31)

[2020-12-13 14:43:52 #2 store] 
Database 'G:\cosas de clase\Cosas de todo\NetBeansProjects\SEGUNDO\Datos\JoseRamon\Proyecto_Final\empleados.odb' is opened by 9724@DESKTOP-59TAS1N

[2020-12-13 14:43:52 #3 store] 
Configuration path: ?

[2020-12-13 14:43:52 #4 type] 
Type modelo.Empleado is not enhanced.

[2020-12-13 14:43:52 #5 type] 
Type modelo.Ordenador is not enhanced.

------------------------------------------------------------------------------------------------------------------------

[2020-12-13 14:45:11 #1 store] 
Database 'G:\cosas de clase\Cosas de todo\NetBeansProjects\SEGUNDO\Datos\JoseRamon\Proyecto_Final\empleados.odb' is opened by 15048@DESKTOP-59TAS1N

[2020-12-13 14:45:11 #2 store] 
Configuration path: ?

[2020-12-13 14:45:11 #3 type] 
Type modelo.Empleado is not enhanced.

[2020-12-13 14:45:11 #4 type] 
Type modelo.Ordenador is not enhanced.

------------------------------------------------------------------------------------------------------------------------

[2020-12-13 14:46:01 #1 store] 
Database 'G:\cosas de clase\Cosas de todo\NetBeansProjects\SEGUNDO\Datos\JoseRamon\Proyecto_Final\empleados.odb' is opened by 7356@DESKTOP-59TAS1N

[2020-12-13 14:46:01 #2 store] 
Configuration path: ?

[2020-12-13 14:46:01 #3 type] 
Type modelo.Empleado is not enhanced.

[2020-12-13 14:46:01 #4 type] 
Type modelo.Ordenador is not enhanced.

------------------------------------------------------------------------------------------------------------------------

[2020-12-13 14:46:55 #1 store] 
Database 'G:\cosas de clase\Cosas de todo\NetBeansProjects\SEGUNDO\Datos\JoseRamon\Proyecto_Final\empleados.odb' is opened by 14292@DESKTOP-59TAS1N

[2020-12-13 14:46:55 #2 store] 
Configuration path: ?

[2020-12-13 14:46:55 #3 type] 
Type modelo.Empleado is not enhanced.

[2020-12-13 14:46:55 #4 type] 
Type modelo.Ordenador is not enhanced.

------------------------------------------------------------------------------------------------------------------------

[2020-12-13 14:50:01 #1 store] 
Database 'G:\cosas de clase\Cosas de todo\NetBeansProjects\SEGUNDO\Datos\JoseRamon\Proyecto_Final\empleados.odb' is opened by 2172@DESKTOP-59TAS1N

[2020-12-13 14:50:01 #2 store] 
Configuration path: ?

[2020-12-13 14:50:01 #3 type] 
Type modelo.Empleado is not enhanced.

[2020-12-13 14:50:01 #4 type] 
Type modelo.Ordenador is not enhanced.

------------------------------------------------------------------------------------------------------------------------

[2020-12-13 14:51:09 #1 store] 
Database 'G:\cosas de clase\Cosas de todo\NetBeansProjects\SEGUNDO\Datos\JoseRamon\Proyecto_Final\empleados.odb' is opened by 10004@DESKTOP-59TAS1N

[2020-12-13 14:51:09 #2 store] 
Configuration path: ?

[2020-12-13 14:51:09 #3 type] 
Type modelo.Empleado is not enhanced.

[2020-12-13 14:51:09 #4 type] 
Type modelo.Ordenador is not enhanced.

------------------------------------------------------------------------------------------------------------------------

[2020-12-13 14:53:47 #1 store] 
Database 'G:\cosas de clase\Cosas de todo\NetBeansProjects\SEGUNDO\Datos\JoseRamon\Proyecto_Final\empleados.odb' is opened by 8928@DESKTOP-59TAS1N

[2020-12-13 14:53:47 #2 store] 
Configuration path: ?

[2020-12-13 14:53:47 #3 type] 
Type modelo.Empleado is not enhanced.

[2020-12-13 14:53:47 #4 type] 
Type modelo.Ordenador is not enhanced.

------------------------------------------------------------------------------------------------------------------------

[2020-12-13 14:57:10 #1 store] 
Database 'G:\cosas de clase\Cosas de todo\NetBeansProjects\SEGUNDO\Datos\JoseRamon\Proyecto_Final\empleados.odb' is opened by 18068@DESKTOP-59TAS1N

[2020-12-13 14:57:10 #2 store] 
Configuration path: ?

[2020-12-13 14:57:10 #3 type] 
Type modelo.Empleado is not enhanced.

[2020-12-13 14:57:10 #4 type] 
Type modelo.Ordenador is not enhanced.

------------------------------------------------------------------------------------------------------------------------

[2020-12-13 14:57:45 #1 store] 
Database 'G:\cosas de clase\Cosas de todo\NetBeansProjects\SEGUNDO\Datos\JoseRamon\Proyecto_Final\empleados.odb' has been recovered (tr. 32-32)

[2020-12-13 14:57:46 #2 store] 
Database 'G:\cosas de clase\Cosas de todo\NetBeansProjects\SEGUNDO\Datos\JoseRamon\Proyecto_Final\empleados.odb' is opened by 20732@DESKTOP-59TAS1N

[2020-12-13 14:57:46 #3 store] 
Configuration path: ?

[2020-12-13 14:57:46 #4 type] 
Type modelo.Empleado is not enhanced.

[2020-12-13 14:57:46 #5 type] 
Type modelo.Ordenador is not enhanced.

------------------------------------------------------------------------------------------------------------------------

[2020-12-13 16:05:24 #1 store] 
Database 'G:\cosas de clase\Cosas de todo\NetBeansProjects\SEGUNDO\Datos\JoseRamon\Proyecto_Final\empleados.odb' is opened by 12056@DESKTOP-59TAS1N

[2020-12-13 16:05:24 #2 store] 
Configuration path: ?

[2020-12-13 16:05:25 #3 type] 
Type modelo.Empleado is not enhanced.

[2020-12-13 16:05:25 #4 type] 
Type modelo.Ordenador is not enhanced.

------------------------------------------------------------------------------------------------------------------------

[2020-12-13 16:10:50 #1 store] 
Database 'G:\cosas de clase\Cosas de todo\NetBeansProjects\SEGUNDO\Datos\JoseRamon\Proyecto_Final\empleados.odb' has been recovered (tr. 33-33)

[2020-12-13 16:10:51 #2 store] 
Database 'G:\cosas de clase\Cosas de todo\NetBeansProjects\SEGUNDO\Datos\JoseRamon\Proyecto_Final\empleados.odb' is opened by 7040@DESKTOP-59TAS1N

[2020-12-13 16:10:51 #3 store] 
Configuration path: ?

[2020-12-13 16:10:51 #4 type] 
Type modelo.Empleado is not enhanced.

[2020-12-13 16:10:51 #5 type] 
Type modelo.Ordenador is not enhanced.

------------------------------------------------------------------------------------------------------------------------

[2020-12-13 16:14:14 #1 store] 
Database 'G:\cosas de clase\Cosas de todo\NetBeansProjects\SEGUNDO\Datos\JoseRamon\Proyecto_Final\empleados.odb' has been recovered (tr. 34-34)

[2020-12-13 16:14:15 #2 store] 
Database 'G:\cosas de clase\Cosas de todo\NetBeansProjects\SEGUNDO\Datos\JoseRamon\Proyecto_Final\empleados.odb' is opened by 19632@DESKTOP-59TAS1N

[2020-12-13 16:14:15 #3 store] 
Configuration path: ?

[2020-12-13 16:14:15 #4 type] 
Type modelo.Empleado is not enhanced.

[2020-12-13 16:14:15 #5 type] 
Type modelo.Ordenador is not enhanced.

------------------------------------------------------------------------------------------------------------------------

[2020-12-13 16:17:46 #1 store] 
Database 'G:\cosas de clase\Cosas de todo\NetBeansProjects\SEGUNDO\Datos\JoseRamon\Proyecto_Final\empleados.odb' has been recovered (tr. 35-35)

[2020-12-13 16:17:46 #2 store] 
Database 'G:\cosas de clase\Cosas de todo\NetBeansProjects\SEGUNDO\Datos\JoseRamon\Proyecto_Final\empleados.odb' is opened by 13628@DESKTOP-59TAS1N

[2020-12-13 16:17:46 #3 store] 
Configuration path: ?

[2020-12-13 16:17:46 #4 type] 
Type modelo.Empleado is not enhanced.

[2020-12-13 16:17:46 #5 type] 
Type modelo.Ordenador is not enhanced.

------------------------------------------------------------------------------------------------------------------------

[2020-12-13 16:19:27 #1 store] 
Database 'G:\cosas de clase\Cosas de todo\NetBeansProjects\SEGUNDO\Datos\JoseRamon\Proyecto_Final\empleados.odb' has been recovered (tr. 36-36)

[2020-12-13 16:19:27 #2 store] 
Database 'G:\cosas de clase\Cosas de todo\NetBeansProjects\SEGUNDO\Datos\JoseRamon\Proyecto_Final\empleados.odb' is opened by 7452@DESKTOP-59TAS1N

[2020-12-13 16:19:27 #3 store] 
Configuration path: ?

[2020-12-13 16:19:27 #4 type] 
Type modelo.Empleado is not enhanced.

[2020-12-13 16:19:27 #5 type] 
Type modelo.Ordenador is not enhanced.

------------------------------------------------------------------------------------------------------------------------

[2020-12-13 16:24:40 #1 store] 
Database 'G:\cosas de clase\Cosas de todo\NetBeansProjects\SEGUNDO\Datos\JoseRamon\Proyecto_Final\empleados.odb' is opened by 17344@DESKTOP-59TAS1N

[2020-12-13 16:24:40 #2 store] 
Configuration path: ?

[2020-12-13 16:24:41 #3 type] 
Type modelo.Empleado is not enhanced.

[2020-12-13 16:24:41 #4 type] 
Type modelo.Ordenador is not enhanced.

------------------------------------------------------------------------------------------------------------------------

[2020-12-13 16:25:31 #1 store] 
Database 'G:\cosas de clase\Cosas de todo\NetBeansProjects\SEGUNDO\Datos\JoseRamon\Proyecto_Final\empleados.odb' is opened by 16468@DESKTOP-59TAS1N

[2020-12-13 16:25:31 #2 store] 
Configuration path: ?

[2020-12-13 16:25:31 #3 type] 
Type modelo.Empleado is not enhanced.

[2020-12-13 16:25:31 #4 type] 
Type modelo.Ordenador is not enhanced.

------------------------------------------------------------------------------------------------------------------------

[2020-12-13 16:30:07 #1 store] 
Database 'G:\cosas de clase\Cosas de todo\NetBeansProjects\SEGUNDO\Datos\JoseRamon\Proyecto_Final\empleados.odb' has been recovered (tr. 37-37)

[2020-12-13 16:30:08 #2 store] 
Database 'G:\cosas de clase\Cosas de todo\NetBeansProjects\SEGUNDO\Datos\JoseRamon\Proyecto_Final\empleados.odb' is opened by 17028@DESKTOP-59TAS1N

[2020-12-13 16:30:08 #3 store] 
Configuration path: ?

[2020-12-13 16:30:08 #4 type] 
Type modelo.Empleado is not enhanced.

[2020-12-13 16:30:08 #5 type] 
Type modelo.Ordenador is not enhanced.

------------------------------------------------------------------------------------------------------------------------

[2020-12-13 16:31:06 #1 store] 
Database 'G:\cosas de clase\Cosas de todo\NetBeansProjects\SEGUNDO\Datos\JoseRamon\Proyecto_Final\empleados.odb' has been recovered (tr. 38-38)

[2020-12-13 16:31:07 #2 store] 
Database 'G:\cosas de clase\Cosas de todo\NetBeansProjects\SEGUNDO\Datos\JoseRamon\Proyecto_Final\empleados.odb' is opened by 12864@DESKTOP-59TAS1N

[2020-12-13 16:31:07 #3 store] 
Configuration path: ?

[2020-12-13 16:31:07 #4 type] 
Type modelo.Empleado is not enhanced.

[2020-12-13 16:31:07 #5 type] 
Type modelo.Ordenador is not enhanced.

------------------------------------------------------------------------------------------------------------------------

[2020-12-13 16:32:38 #1 store] 
Database 'G:\cosas de clase\Cosas de todo\NetBeansProjects\SEGUNDO\Datos\JoseRamon\Proyecto_Final\empleados.odb' is opened by 12856@DESKTOP-59TAS1N

[2020-12-13 16:32:38 #2 store] 
Configuration path: ?

[2020-12-13 16:32:38 #3 type] 
Type modelo.Empleado is not enhanced.

[2020-12-13 16:32:38 #4 type] 
Type modelo.Ordenador is not enhanced.

------------------------------------------------------------------------------------------------------------------------

[2020-12-13 16:37:28 #1 store] 
Database 'G:\cosas de clase\Cosas de todo\NetBeansProjects\SEGUNDO\Datos\JoseRamon\Proyecto_Final\empleados.odb' is opened by 10908@DESKTOP-59TAS1N

[2020-12-13 16:37:28 #2 store] 
Configuration path: ?

[2020-12-13 16:37:28 #3 type] 
Type modelo.Empleado is not enhanced.

[2020-12-13 16:37:28 #4 type] 
Type modelo.Ordenador is not enhanced.

------------------------------------------------------------------------------------------------------------------------

[2020-12-13 16:39:13 #1 store] 
Database 'G:\cosas de clase\Cosas de todo\NetBeansProjects\SEGUNDO\Datos\JoseRamon\Proyecto_Final\empleados.odb' has been recovered (tr. 39-39)

[2020-12-13 16:39:13 #2 store] 
Database 'G:\cosas de clase\Cosas de todo\NetBeansProjects\SEGUNDO\Datos\JoseRamon\Proyecto_Final\empleados.odb' is opened by 13944@DESKTOP-59TAS1N

[2020-12-13 16:39:13 #3 store] 
Configuration path: ?

[2020-12-13 16:39:13 #4 type] 
Type modelo.Empleado is not enhanced.

[2020-12-13 16:39:13 #5 type] 
Type modelo.Ordenador is not enhanced.

------------------------------------------------------------------------------------------------------------------------

[2020-12-13 16:47:33 #1 store] 
Database 'G:\cosas de clase\Cosas de todo\NetBeansProjects\SEGUNDO\Datos\JoseRamon\Proyecto_Final\empleados.odb' is opened by 16468@DESKTOP-59TAS1N

[2020-12-13 16:47:33 #2 store] 
Configuration path: ?

[2020-12-13 16:47:34 #3 type] 
Type modelo.Empleado is not enhanced.

[2020-12-13 16:47:34 #4 type] 
Type modelo.Ordenador is not enhanced.

------------------------------------------------------------------------------------------------------------------------

[2020-12-13 16:48:48 #1 store] 
Database 'G:\cosas de clase\Cosas de todo\NetBeansProjects\SEGUNDO\Datos\JoseRamon\Proyecto_Final\empleados.odb' has been recovered (tr. 40-40)

[2020-12-13 16:48:49 #2 store] 
Database 'G:\cosas de clase\Cosas de todo\NetBeansProjects\SEGUNDO\Datos\JoseRamon\Proyecto_Final\empleados.odb' is opened by 21448@DESKTOP-59TAS1N

[2020-12-13 16:48:49 #3 store] 
Configuration path: ?

[2020-12-13 16:48:49 #4 type] 
Type modelo.Empleado is not enhanced.

[2020-12-13 16:48:49 #5 type] 
Type modelo.Ordenador is not enhanced.

------------------------------------------------------------------------------------------------------------------------

[2020-12-13 16:59:28 #1 store] 
Database 'G:\cosas de clase\Cosas de todo\NetBeansProjects\SEGUNDO\Datos\JoseRamon\Proyecto_Final\empleados.odb' has been recovered (tr. 41-41)

[2020-12-13 16:59:28 #2 store] 
Database 'G:\cosas de clase\Cosas de todo\NetBeansProjects\SEGUNDO\Datos\JoseRamon\Proyecto_Final\empleados.odb' is opened by 800@DESKTOP-59TAS1N

[2020-12-13 16:59:28 #3 store] 
Configuration path: ?

[2020-12-13 16:59:29 #4 type] 
Type modelo.Empleado is not enhanced.

[2020-12-13 16:59:29 #5 type] 
Type modelo.Ordenador is not enhanced.

------------------------------------------------------------------------------------------------------------------------

[2020-12-13 17:01:31 #1 store] 
Database 'G:\cosas de clase\Cosas de todo\NetBeansProjects\SEGUNDO\Datos\JoseRamon\Proyecto_Final\empleados.odb' has been recovered (tr. 42-42)

[2020-12-13 17:01:32 #2 store] 
Database 'G:\cosas de clase\Cosas de todo\NetBeansProjects\SEGUNDO\Datos\JoseRamon\Proyecto_Final\empleados.odb' is opened by 15624@DESKTOP-59TAS1N

[2020-12-13 17:01:32 #3 store] 
Configuration path: ?

[2020-12-13 17:01:33 #4 type] 
Type modelo.Empleado is not enhanced.

[2020-12-13 17:01:33 #5 type] 
Type modelo.Ordenador is not enhanced.

------------------------------------------------------------------------------------------------------------------------

[2020-12-13 17:03:36 #1 store] 
Database 'G:\cosas de clase\Cosas de todo\NetBeansProjects\SEGUNDO\Datos\JoseRamon\Proyecto_Final\empleados.odb' is opened by 14628@DESKTOP-59TAS1N

[2020-12-13 17:03:36 #2 store] 
Configuration path: ?

[2020-12-13 17:03:37 #3 type] 
Type modelo.Empleado is not enhanced.

[2020-12-13 17:03:37 #4 type] 
Type modelo.Ordenador is not enhanced.

------------------------------------------------------------------------------------------------------------------------

[2020-12-13 17:05:27 #1 store] 
Database 'G:\cosas de clase\Cosas de todo\NetBeansProjects\SEGUNDO\Datos\JoseRamon\Proyecto_Final\empleados.odb' is opened by 21012@DESKTOP-59TAS1N

[2020-12-13 17:05:27 #2 store] 
Configuration path: ?

[2020-12-13 17:05:27 #3 type] 
Type modelo.Empleado is not enhanced.

[2020-12-13 17:05:27 #4 type] 
Type modelo.Ordenador is not enhanced.

------------------------------------------------------------------------------------------------------------------------

[2020-12-13 17:05:51 #1 store] 
Database 'G:\cosas de clase\Cosas de todo\NetBeansProjects\SEGUNDO\Datos\JoseRamon\Proyecto_Final\empleados.odb' is opened by 1604@DESKTOP-59TAS1N

[2020-12-13 17:05:51 #2 store] 
Configuration path: ?

[2020-12-13 17:05:51 #3 type] 
Type modelo.Empleado is not enhanced.

[2020-12-13 17:05:51 #4 type] 
Type modelo.Ordenador is not enhanced.

------------------------------------------------------------------------------------------------------------------------

[2020-12-13 17:06:57 #1 store] 
Database 'G:\cosas de clase\Cosas de todo\NetBeansProjects\SEGUNDO\Datos\JoseRamon\Proyecto_Final\empleados.odb' is opened by 1164@DESKTOP-59TAS1N

[2020-12-13 17:06:57 #2 store] 
Configuration path: ?

[2020-12-13 17:06:57 #3 type] 
Type modelo.Empleado is not enhanced.

[2020-12-13 17:06:57 #4 type] 
Type modelo.Ordenador is not enhanced.

------------------------------------------------------------------------------------------------------------------------

[2020-12-13 17:07:58 #1 store] 
Database 'G:\cosas de clase\Cosas de todo\NetBeansProjects\SEGUNDO\Datos\JoseRamon\Proyecto_Final\empleados.odb' is opened by 20608@DESKTOP-59TAS1N

[2020-12-13 17:07:58 #2 store] 
Configuration path: ?

[2020-12-13 17:07:59 #3 type] 
Type modelo.Empleado is not enhanced.

[2020-12-13 17:07:59 #4 type] 
Type modelo.Ordenador is not enhanced.

------------------------------------------------------------------------------------------------------------------------

[2020-12-13 17:08:51 #1 store] 
Database 'G:\cosas de clase\Cosas de todo\NetBeansProjects\SEGUNDO\Datos\JoseRamon\Proyecto_Final\empleados.odb' is opened by 10772@DESKTOP-59TAS1N

[2020-12-13 17:08:51 #2 store] 
Configuration path: ?

[2020-12-13 17:08:51 #3 type] 
Type modelo.Empleado is not enhanced.

[2020-12-13 17:08:51 #4 type] 
Type modelo.Ordenador is not enhanced.

------------------------------------------------------------------------------------------------------------------------

[2020-12-13 17:13:09 #1 store] 
Database 'G:\cosas de clase\Cosas de todo\NetBeansProjects\SEGUNDO\Datos\JoseRamon\Proyecto_Final\empleados.odb' is opened by 7824@DESKTOP-59TAS1N

[2020-12-13 17:13:09 #2 store] 
Configuration path: ?

[2020-12-13 17:13:09 #3 type] 
Type modelo.Empleado is not enhanced.

[2020-12-13 17:13:09 #4 type] 
Type modelo.Ordenador is not enhanced.

------------------------------------------------------------------------------------------------------------------------

[2020-12-13 17:13:36 #1 store] 
Database 'G:\cosas de clase\Cosas de todo\NetBeansProjects\SEGUNDO\Datos\JoseRamon\Proyecto_Final\empleados.odb' is opened by 7480@DESKTOP-59TAS1N

[2020-12-13 17:13:36 #2 store] 
Configuration path: ?

[2020-12-13 17:13:36 #3 type] 
Type modelo.Empleado is not enhanced.

[2020-12-13 17:13:36 #4 type] 
Type modelo.Ordenador is not enhanced.

------------------------------------------------------------------------------------------------------------------------

[2020-12-13 17:14:01 #1 store] 
Database 'G:\cosas de clase\Cosas de todo\NetBeansProjects\SEGUNDO\Datos\JoseRamon\Proyecto_Final\empleados.odb' is opened by 12036@DESKTOP-59TAS1N

[2020-12-13 17:14:01 #2 store] 
Configuration path: ?

[2020-12-13 17:14:02 #3 type] 
Type modelo.Empleado is not enhanced.

[2020-12-13 17:14:02 #4 type] 
Type modelo.Ordenador is not enhanced.

------------------------------------------------------------------------------------------------------------------------

[2020-12-13 17:18:04 #1 store] 
Database 'G:\cosas de clase\Cosas de todo\NetBeansProjects\SEGUNDO\Datos\JoseRamon\Proyecto_Final\empleados.odb' is opened by 12472@DESKTOP-59TAS1N

[2020-12-13 17:18:04 #2 store] 
Configuration path: ?

[2020-12-13 17:18:04 #3 type] 
Type modelo.Empleado is not enhanced.

[2020-12-13 17:18:04 #4 type] 
Type modelo.Ordenador is not enhanced.

------------------------------------------------------------------------------------------------------------------------

[2020-12-13 17:42:54 #1 store] 
Database 'G:\cosas de clase\Cosas de todo\NetBeansProjects\SEGUNDO\Datos\JoseRamon\Proyecto_Final\empleados.odb' is opened by 14988@DESKTOP-59TAS1N

[2020-12-13 17:42:54 #2 store] 
Configuration path: ?

[2020-12-13 17:42:54 #3 type] 
Type modelo.Empleado is not enhanced.

[2020-12-13 17:42:54 #4 type] 
Type modelo.Ordenador is not enhanced.

------------------------------------------------------------------------------------------------------------------------

[2020-12-13 17:44:53 #1 store] 
Database 'G:\cosas de clase\Cosas de todo\NetBeansProjects\SEGUNDO\Datos\JoseRamon\Proyecto_Final\empleados.odb' has been recovered (tr. 43-44)

[2020-12-13 17:44:54 #2 store] 
Database 'G:\cosas de clase\Cosas de todo\NetBeansProjects\SEGUNDO\Datos\JoseRamon\Proyecto_Final\empleados.odb' is opened by 5788@DESKTOP-59TAS1N

[2020-12-13 17:44:54 #3 store] 
Configuration path: ?

[2020-12-13 17:44:54 #4 type] 
Type modelo.Empleado is not enhanced.

[2020-12-13 17:44:54 #5 type] 
Type modelo.Ordenador is not enhanced.

------------------------------------------------------------------------------------------------------------------------

[2020-12-13 20:50:16 #1 store] 
Database 'G:\cosas de clase\Cosas de todo\NetBeansProjects\SEGUNDO\Datos\JoseRamon\Proyecto_Final\empleados.odb' has been recovered (tr. 45-45)

[2020-12-13 20:50:16 #2 store] 
Database 'G:\cosas de clase\Cosas de todo\NetBeansProjects\SEGUNDO\Datos\JoseRamon\Proyecto_Final\empleados.odb' is opened by 19308@DESKTOP-59TAS1N

[2020-12-13 20:50:16 #3 store] 
Configuration path: ?

[2020-12-13 20:50:16 #4 type] 
Type modelo.Empleado is not enhanced.

[2020-12-13 20:50:16 #5 type] 
Type modelo.Ordenador is not enhanced.

------------------------------------------------------------------------------------------------------------------------

[2020-12-13 20:51:12 #1 store] 
Database 'G:\cosas de clase\Cosas de todo\NetBeansProjects\SEGUNDO\Datos\JoseRamon\Proyecto_Final\empleados.odb' is opened by 15740@DESKTOP-59TAS1N

[2020-12-13 20:51:12 #2 store] 
Configuration path: ?

[2020-12-13 20:51:12 #3 type] 
Type modelo.Empleado is not enhanced.

[2020-12-13 20:51:12 #4 type] 
Type modelo.Ordenador is not enhanced.

------------------------------------------------------------------------------------------------------------------------

[2020-12-13 22:26:08 #1 store] 
Database 'G:\cosas de clase\Cosas de todo\NetBeansProjects\SEGUNDO\Datos\JoseRamon\Proyecto_Final\empleados.odb' is opened by 19412@DESKTOP-59TAS1N

[2020-12-13 22:26:08 #2 store] 
Configuration path: ?

[2020-12-13 22:26:08 #3 type] 
Type modelo.Empleado is not enhanced.

------------------------------------------------------------------------------------------------------------------------

[2020-12-13 22:27:51 #1 store] 
Database 'G:\cosas de clase\Cosas de todo\NetBeansProjects\SEGUNDO\Datos\JoseRamon\Proyecto_Final\empleados.odb' has been recovered (tr. 48-48)

[2020-12-13 22:27:51 #2 store] 
Database 'G:\cosas de clase\Cosas de todo\NetBeansProjects\SEGUNDO\Datos\JoseRamon\Proyecto_Final\empleados.odb' is opened by 19388@DESKTOP-59TAS1N

[2020-12-13 22:27:51 #3 store] 
Configuration path: ?

[2020-12-13 22:27:51 #4 type] 
Type modelo.Empleado is not enhanced.

------------------------------------------------------------------------------------------------------------------------

[2020-12-13 22:29:47 #1 store] 
Database 'G:\cosas de clase\Cosas de todo\NetBeansProjects\SEGUNDO\Datos\JoseRamon\Proyecto_Final\empleados.odb' is opened by 13424@DESKTOP-59TAS1N

[2020-12-13 22:29:47 #2 store] 
Configuration path: ?

[2020-12-13 22:29:47 #3 type] 
Type modelo.Empleado is not enhanced.

------------------------------------------------------------------------------------------------------------------------

[2020-12-13 22:31:02 #1 store] 
Database 'G:\cosas de clase\Cosas de todo\NetBeansProjects\SEGUNDO\Datos\JoseRamon\Proyecto_Final\empleados.odb' is opened by 17044@DESKTOP-59TAS1N

[2020-12-13 22:31:02 #2 store] 
Configuration path: ?

[2020-12-13 22:31:02 #3 type] 
Type modelo.Empleado is not enhanced.

------------------------------------------------------------------------------------------------------------------------

[2020-12-13 22:33:24 #1 store] 
Database 'G:\cosas de clase\Cosas de todo\NetBeansProjects\SEGUNDO\Datos\JoseRamon\Proyecto_Final\empleados.odb' is opened by 18860@DESKTOP-59TAS1N

[2020-12-13 22:33:24 #2 store] 
Configuration path: ?

[2020-12-13 22:33:25 #3 type] 
Type modelo.Empleado is not enhanced.

------------------------------------------------------------------------------------------------------------------------

[2020-12-13 22:41:01 #1 store] 
Database 'G:\cosas de clase\Cosas de todo\NetBeansProjects\SEGUNDO\Datos\JoseRamon\Proyecto_Final\empleados.odb' is opened by 25296@DESKTOP-59TAS1N

[2020-12-13 22:41:01 #2 store] 
Configuration path: ?

[2020-12-13 22:41:05 #3 type] 
Type modelo.Empleado is not enhanced.

------------------------------------------------------------------------------------------------------------------------

[2020-12-13 22:43:30 #1 store] 
Database 'G:\cosas de clase\Cosas de todo\NetBeansProjects\SEGUNDO\Datos\JoseRamon\Proyecto_Final\empleados.odb' is opened by 10088@DESKTOP-59TAS1N

[2020-12-13 22:43:30 #2 store] 
Configuration path: ?

[2020-12-13 22:43:30 #3 type] 
Type modelo.Empleado is not enhanced.

------------------------------------------------------------------------------------------------------------------------

[2020-12-13 23:05:11 #1 store] 
Database 'G:\cosas de clase\Cosas de todo\NetBeansProjects\SEGUNDO\Datos\JoseRamon\Proyecto_Final\empleados.odb' is opened by 13836@DESKTOP-59TAS1N

[2020-12-13 23:05:11 #2 store] 
Configuration path: ?

[2020-12-13 23:05:24 #3 type] 
Type modelo.Empleado is not enhanced.

------------------------------------------------------------------------------------------------------------------------

[2020-12-13 23:17:18 #1 store] 
Database 'G:\cosas de clase\Cosas de todo\NetBeansProjects\SEGUNDO\Datos\JoseRamon\Proyecto_Final\empleados.odb' is opened by 3012@DESKTOP-59TAS1N

[2020-12-13 23:17:18 #2 store] 
Configuration path: ?

[2020-12-13 23:17:18 #3 type] 
Type modelo.Empleado is not enhanced.

------------------------------------------------------------------------------------------------------------------------

[2020-12-13 23:43:15 #1 store] 
Database 'G:\cosas de clase\Cosas de todo\NetBeansProjects\SEGUNDO\Datos\JoseRamon\Proyecto_Final\empleados.odb' is opened by 20644@DESKTOP-59TAS1N

[2020-12-13 23:43:15 #2 store] 
Configuration path: ?

[2020-12-13 23:43:15 #3 type] 
Type modelo.Empleado is not enhanced.

