------------------------------------------------------------------------------------------------------------------------

[2020-12-10 10:05:27 #1 store] 
Database 'G:\cosas de clase\Cosas de todo\NetBeansProjects\SEGUNDO\Datos\JoseRamon\Proyecto_Final\datos.odb' has been recovered (tr. 1-2)

[2020-12-10 10:05:27 #2 store] 
Database 'G:\cosas de clase\Cosas de todo\NetBeansProjects\SEGUNDO\Datos\JoseRamon\Proyecto_Final\datos.odb' is opened by 9228@DESKTOP-59TAS1N

[2020-12-10 10:05:27 #3 store] 
Configuration path: ?

[2020-12-10 10:05:27 #4 type] 
Type modelo.Empleado is not enhanced.

------------------------------------------------------------------------------------------------------------------------

[2020-12-10 10:07:38 #1 server] 
Server on port 6136 has started by 15052@DESKTOP-59TAS1N

------------------------------------------------------------------------------------------------------------------------

[2020-12-10 10:07:59 #1 server] 
java.net.BindException: Address already in use: JVM_Bind
	at java.net.DualStackPlainSocketImpl.bind0(Native Method)
	at java.net.DualStackPlainSocketImpl.socketBind(Unknown Source)
	at java.net.AbstractPlainSocketImpl.bind(Unknown Source)
	at java.net.PlainSocketImpl.bind(Unknown Source)
	at java.net.ServerSocket.bind(Unknown Source)
	at java.net.ServerSocket.<init>(Unknown Source)
	at java.net.ServerSocket.<init>(Unknown Source)
	at com.objectdb.o.SMR.o(SMR.java:260)
	at com.objectdb.o.SMR.f(SMR.java:160)
	at com.objectdb.o.TOL.run(TOL.java:117)
	at com.objectdb.Server.runCommand(Server.java:193)
	at com.objectdb.Server.run(Server.java:102)
	at com.objectdb.ServerRunner.main(ServerRunner.java:31)

------------------------------------------------------------------------------------------------------------------------

[2020-12-10 10:13:15 #1 store] 
Database 'G:\cosas de clase\Cosas de todo\NetBeansProjects\SEGUNDO\Datos\JoseRamon\Proyecto_Final\datos.odb' is opened by 5988@DESKTOP-59TAS1N

[2020-12-10 10:13:15 #2 store] 
Configuration path: ?

[2020-12-10 10:13:21 #3 type] 
Type modelo.Empleado is not enhanced.

------------------------------------------------------------------------------------------------------------------------

[2020-12-10 10:14:46 #1 store] 
Database 'G:\cosas de clase\Cosas de todo\NetBeansProjects\SEGUNDO\Datos\JoseRamon\Proyecto_Final\datos.odb' has been recovered (tr. 1-3)

[2020-12-10 10:14:46 #2 store] 
Database 'G:\cosas de clase\Cosas de todo\NetBeansProjects\SEGUNDO\Datos\JoseRamon\Proyecto_Final\datos.odb' is opened by 9036@DESKTOP-59TAS1N

[2020-12-10 10:14:46 #3 store] 
Configuration path: ?

[2020-12-10 10:14:46 #4 type] 
Type modelo.Empleado is not enhanced.

------------------------------------------------------------------------------------------------------------------------

[2020-12-10 10:15:13 #1 server] 
java.net.BindException: Address already in use: JVM_Bind
	at java.net.DualStackPlainSocketImpl.bind0(Native Method)
	at java.net.DualStackPlainSocketImpl.socketBind(Unknown Source)
	at java.net.AbstractPlainSocketImpl.bind(Unknown Source)
	at java.net.PlainSocketImpl.bind(Unknown Source)
	at java.net.ServerSocket.bind(Unknown Source)
	at java.net.ServerSocket.<init>(Unknown Source)
	at java.net.ServerSocket.<init>(Unknown Source)
	at com.objectdb.o.SMR.o(SMR.java:260)
	at com.objectdb.o.SMR.f(SMR.java:160)
	at com.objectdb.o.TOL.run(TOL.java:117)
	at com.objectdb.Server.runCommand(Server.java:193)
	at com.objectdb.Server.run(Server.java:102)
	at com.objectdb.ServerRunner.main(ServerRunner.java:31)

------------------------------------------------------------------------------------------------------------------------

[2020-12-10 10:17:01 #1 store] 
Database 'G:\cosas de clase\Cosas de todo\NetBeansProjects\SEGUNDO\Datos\JoseRamon\Proyecto_Final\datos.odb' has been recovered (tr. 4-4)

[2020-12-10 10:17:02 #2 store] 
Database 'G:\cosas de clase\Cosas de todo\NetBeansProjects\SEGUNDO\Datos\JoseRamon\Proyecto_Final\datos.odb' is opened by 16368@DESKTOP-59TAS1N

[2020-12-10 10:17:02 #3 store] 
Configuration path: ?

[2020-12-10 10:17:02 #4 type] 
Type modelo.Empleado is not enhanced.

------------------------------------------------------------------------------------------------------------------------

[2020-12-10 10:18:04 #1 store] 
Database 'G:\cosas de clase\Cosas de todo\NetBeansProjects\SEGUNDO\Datos\JoseRamon\Proyecto_Final\datos.odb' is opened by 9732@DESKTOP-59TAS1N

[2020-12-10 10:18:04 #2 store] 
Configuration path: ?

[2020-12-10 10:18:04 #3 type] 
Type modelo.Empleado is not enhanced.

------------------------------------------------------------------------------------------------------------------------

[2020-12-10 10:51:15 #1 store] 
Database 'G:\cosas de clase\Cosas de todo\NetBeansProjects\SEGUNDO\Datos\JoseRamon\Proyecto_Final\datos.odb' is opened by 16996@DESKTOP-59TAS1N

[2020-12-10 10:51:15 #2 store] 
Configuration path: ?

[2020-12-10 10:51:15 #3 type] 
Type modelo.Empleado is not enhanced.

------------------------------------------------------------------------------------------------------------------------

[2020-12-10 10:52:10 #1 store] 
Database 'G:\cosas de clase\Cosas de todo\NetBeansProjects\SEGUNDO\Datos\JoseRamon\Proyecto_Final\datos.odb' is opened by 14004@DESKTOP-59TAS1N

[2020-12-10 10:52:10 #2 store] 
Configuration path: ?

[2020-12-10 10:52:10 #3 type] 
Type modelo.Empleado is not enhanced.

------------------------------------------------------------------------------------------------------------------------

[2020-12-10 10:54:31 #1 store] 
Database 'G:\cosas de clase\Cosas de todo\NetBeansProjects\SEGUNDO\Datos\JoseRamon\Proyecto_Final\datos.odb' is opened by 15072@DESKTOP-59TAS1N

[2020-12-10 10:54:31 #2 store] 
Configuration path: ?

[2020-12-10 10:54:31 #3 type] 
Type modelo.Empleado is not enhanced.

------------------------------------------------------------------------------------------------------------------------

[2020-12-10 10:54:57 #1 store] 
Database 'G:\cosas de clase\Cosas de todo\NetBeansProjects\SEGUNDO\Datos\JoseRamon\Proyecto_Final\datos.odb' is opened by 14464@DESKTOP-59TAS1N

[2020-12-10 10:54:57 #2 store] 
Configuration path: ?

[2020-12-10 10:54:57 #3 type] 
Type modelo.Empleado is not enhanced.

------------------------------------------------------------------------------------------------------------------------

[2020-12-10 11:05:38 #1 store] 
Database 'G:\cosas de clase\Cosas de todo\NetBeansProjects\SEGUNDO\Datos\JoseRamon\Proyecto_Final\datos.odb' is opened by 18460@DESKTOP-59TAS1N

[2020-12-10 11:05:38 #2 store] 
Configuration path: ?

[2020-12-10 11:05:38 #3 type] 
Type modelo.Empleado is not enhanced.

------------------------------------------------------------------------------------------------------------------------

[2020-12-10 11:09:12 #1 store] 
Database 'G:\cosas de clase\Cosas de todo\NetBeansProjects\SEGUNDO\Datos\JoseRamon\Proyecto_Final\datos.odb' is opened by 3336@DESKTOP-59TAS1N

[2020-12-10 11:09:12 #2 store] 
Configuration path: ?

[2020-12-10 11:09:12 #3 type] 
Type modelo.Empleado is not enhanced.

------------------------------------------------------------------------------------------------------------------------

[2020-12-10 11:27:39 #1 store] 
Database 'G:\cosas de clase\Cosas de todo\NetBeansProjects\SEGUNDO\Datos\JoseRamon\Proyecto_Final\datos.odb' is opened by 11624@DESKTOP-59TAS1N

[2020-12-10 11:27:39 #2 store] 
Configuration path: ?

[2020-12-10 11:27:40 #3 type] 
Type modelo.Empleado is not enhanced.

------------------------------------------------------------------------------------------------------------------------

[2020-12-10 11:28:17 #1 store] 
Database 'G:\cosas de clase\Cosas de todo\NetBeansProjects\SEGUNDO\Datos\JoseRamon\Proyecto_Final\datos.odb' is opened by 18620@DESKTOP-59TAS1N

[2020-12-10 11:28:17 #2 store] 
Configuration path: ?

[2020-12-10 11:28:17 #3 type] 
Type modelo.Empleado is not enhanced.

------------------------------------------------------------------------------------------------------------------------

[2020-12-10 11:29:03 #1 store] 
Database 'G:\cosas de clase\Cosas de todo\NetBeansProjects\SEGUNDO\Datos\JoseRamon\Proyecto_Final\datos.odb' is opened by 3720@DESKTOP-59TAS1N

[2020-12-10 11:29:03 #2 store] 
Configuration path: ?

[2020-12-10 11:29:03 #3 type] 
Type modelo.Empleado is not enhanced.

------------------------------------------------------------------------------------------------------------------------

[2020-12-10 11:29:30 #1 store] 
Database 'G:\cosas de clase\Cosas de todo\NetBeansProjects\SEGUNDO\Datos\JoseRamon\Proyecto_Final\datos.odb' is opened by 12588@DESKTOP-59TAS1N

[2020-12-10 11:29:30 #2 store] 
Configuration path: ?

[2020-12-10 11:29:31 #3 type] 
Type modelo.Empleado is not enhanced.

------------------------------------------------------------------------------------------------------------------------

[2020-12-10 11:30:33 #1 store] 
Database 'G:\cosas de clase\Cosas de todo\NetBeansProjects\SEGUNDO\Datos\JoseRamon\Proyecto_Final\datos.odb' is opened by 18992@DESKTOP-59TAS1N

[2020-12-10 11:30:33 #2 store] 
Configuration path: ?

[2020-12-10 11:30:33 #3 type] 
Type modelo.Empleado is not enhanced.

------------------------------------------------------------------------------------------------------------------------

[2020-12-10 11:32:57 #1 store] 
Database 'G:\cosas de clase\Cosas de todo\NetBeansProjects\SEGUNDO\Datos\JoseRamon\Proyecto_Final\datos.odb' is opened by 13416@DESKTOP-59TAS1N

[2020-12-10 11:32:57 #2 store] 
Configuration path: ?

[2020-12-10 11:32:57 #3 type] 
Type modelo.Empleado is not enhanced.

------------------------------------------------------------------------------------------------------------------------

[2020-12-10 11:38:37 #1 store] 
Database 'G:\cosas de clase\Cosas de todo\NetBeansProjects\SEGUNDO\Datos\JoseRamon\Proyecto_Final\datos.odb' is opened by 14476@DESKTOP-59TAS1N

[2020-12-10 11:38:37 #2 store] 
Configuration path: ?

[2020-12-10 11:38:37 #3 type] 
Type modelo.Empleado is not enhanced.

------------------------------------------------------------------------------------------------------------------------

[2020-12-10 11:47:25 #1 store] 
Database 'G:\cosas de clase\Cosas de todo\NetBeansProjects\SEGUNDO\Datos\JoseRamon\Proyecto_Final\datos.odb' is opened by 17476@DESKTOP-59TAS1N

[2020-12-10 11:47:25 #2 store] 
Configuration path: ?

[2020-12-10 11:47:25 #3 type] 
Type modelo.Empleado is not enhanced.

------------------------------------------------------------------------------------------------------------------------

[2020-12-10 11:50:09 #1 store] 
Database 'G:\cosas de clase\Cosas de todo\NetBeansProjects\SEGUNDO\Datos\JoseRamon\Proyecto_Final\datos.odb' is opened by 11124@DESKTOP-59TAS1N

[2020-12-10 11:50:09 #2 store] 
Configuration path: ?

[2020-12-10 11:50:10 #3 type] 
Type modelo.Empleado is not enhanced.

------------------------------------------------------------------------------------------------------------------------

[2020-12-10 11:50:56 #1 store] 
Database 'G:\cosas de clase\Cosas de todo\NetBeansProjects\SEGUNDO\Datos\JoseRamon\Proyecto_Final\datos.odb' is opened by 14132@DESKTOP-59TAS1N

[2020-12-10 11:50:56 #2 store] 
Configuration path: ?

[2020-12-10 11:50:56 #3 type] 
Type modelo.Empleado is not enhanced.

------------------------------------------------------------------------------------------------------------------------

[2020-12-10 11:55:51 #1 store] 
Database 'G:\cosas de clase\Cosas de todo\NetBeansProjects\SEGUNDO\Datos\JoseRamon\Proyecto_Final\datos.odb' is opened by 18968@DESKTOP-59TAS1N

[2020-12-10 11:55:51 #2 store] 
Configuration path: ?

[2020-12-10 11:55:51 #3 type] 
Type modelo.Empleado is not enhanced.

------------------------------------------------------------------------------------------------------------------------

[2020-12-10 12:35:20 #1 store] 
Database 'G:\cosas de clase\Cosas de todo\NetBeansProjects\SEGUNDO\Datos\JoseRamon\Proyecto_Final\empleados.odb' is opened by 18484@DESKTOP-59TAS1N

[2020-12-10 12:35:20 #2 store] 
Configuration path: ?

------------------------------------------------------------------------------------------------------------------------

[2020-12-10 12:44:24 #1 store] 
Database 'G:\cosas de clase\Cosas de todo\NetBeansProjects\SEGUNDO\Datos\JoseRamon\Proyecto_Final\empleados.odb' has been recovered (tr. 1-2)

[2020-12-10 12:44:24 #2 store] 
Database 'G:\cosas de clase\Cosas de todo\NetBeansProjects\SEGUNDO\Datos\JoseRamon\Proyecto_Final\empleados.odb' is opened by 5548@DESKTOP-59TAS1N

[2020-12-10 12:44:24 #3 store] 
Configuration path: ?

[2020-12-10 12:44:24 #4 type] 
Type modelo.Empleado is not enhanced.

------------------------------------------------------------------------------------------------------------------------

[2020-12-10 12:44:39 #1 store] 
Database 'G:\cosas de clase\Cosas de todo\NetBeansProjects\SEGUNDO\Datos\JoseRamon\Proyecto_Final\empleados.odb' has been recovered (tr. 3-3)

[2020-12-10 12:44:39 #2 store] 
Database 'G:\cosas de clase\Cosas de todo\NetBeansProjects\SEGUNDO\Datos\JoseRamon\Proyecto_Final\empleados.odb' is opened by 16484@DESKTOP-59TAS1N

[2020-12-10 12:44:39 #3 store] 
Configuration path: ?

[2020-12-10 12:44:40 #4 type] 
Type modelo.Empleado is not enhanced.

------------------------------------------------------------------------------------------------------------------------

[2020-12-10 12:48:13 #1 store] 
Database 'G:\cosas de clase\Cosas de todo\NetBeansProjects\SEGUNDO\Datos\JoseRamon\Proyecto_Final\empleados.odb' is opened by 8480@DESKTOP-59TAS1N

[2020-12-10 12:48:13 #2 store] 
Configuration path: ?

[2020-12-10 12:48:13 #3 type] 
Type modelo.Empleado is not enhanced.

------------------------------------------------------------------------------------------------------------------------

[2020-12-10 12:48:52 #1 store] 
Database 'G:\cosas de clase\Cosas de todo\NetBeansProjects\SEGUNDO\Datos\JoseRamon\Proyecto_Final\empleados.odb' is opened by 1416@DESKTOP-59TAS1N

[2020-12-10 12:48:52 #2 store] 
Configuration path: ?

[2020-12-10 12:48:52 #3 type] 
Type modelo.Empleado is not enhanced.

------------------------------------------------------------------------------------------------------------------------

[2020-12-10 12:50:10 #1 store] 
Database 'G:\cosas de clase\Cosas de todo\NetBeansProjects\SEGUNDO\Datos\JoseRamon\Proyecto_Final\empleados.odb' is opened by 20148@DESKTOP-59TAS1N

[2020-12-10 12:50:10 #2 store] 
Configuration path: ?

[2020-12-10 12:50:11 #3 type] 
Type modelo.Empleado is not enhanced.

------------------------------------------------------------------------------------------------------------------------

[2020-12-10 12:52:54 #1 store] 
Database 'G:\cosas de clase\Cosas de todo\NetBeansProjects\SEGUNDO\Datos\JoseRamon\Proyecto_Final\empleados.odb' is opened by 4044@DESKTOP-59TAS1N

[2020-12-10 12:52:54 #2 store] 
Configuration path: ?

[2020-12-10 12:52:54 #3 type] 
Type modelo.Empleado is not enhanced.

------------------------------------------------------------------------------------------------------------------------

[2020-12-10 12:53:10 #1 store] 
Database 'G:\cosas de clase\Cosas de todo\NetBeansProjects\SEGUNDO\Datos\JoseRamon\Proyecto_Final\empleados.odb' is opened by 11792@DESKTOP-59TAS1N

[2020-12-10 12:53:10 #2 store] 
Configuration path: ?

[2020-12-10 12:53:11 #3 type] 
Type modelo.Empleado is not enhanced.

------------------------------------------------------------------------------------------------------------------------

[2020-12-10 12:54:00 #1 store] 
Database 'G:\cosas de clase\Cosas de todo\NetBeansProjects\SEGUNDO\Datos\JoseRamon\Proyecto_Final\empleados.odb' is opened by 13664@DESKTOP-59TAS1N

[2020-12-10 12:54:00 #2 store] 
Configuration path: ?

[2020-12-10 12:54:00 #3 type] 
Type modelo.Empleado is not enhanced.

------------------------------------------------------------------------------------------------------------------------

[2020-12-10 12:56:20 #1 store] 
Database 'G:\cosas de clase\Cosas de todo\NetBeansProjects\SEGUNDO\Datos\JoseRamon\Proyecto_Final\empleados.odb' is opened by 16280@DESKTOP-59TAS1N

[2020-12-10 12:56:20 #2 store] 
Configuration path: ?

[2020-12-10 12:56:20 #3 type] 
Type modelo.Empleado is not enhanced.

------------------------------------------------------------------------------------------------------------------------

[2020-12-10 13:04:25 #1 store] 
Database 'G:\cosas de clase\Cosas de todo\NetBeansProjects\SEGUNDO\Datos\JoseRamon\Proyecto_Final\empleados.odb' is opened by 8868@DESKTOP-59TAS1N

[2020-12-10 13:04:25 #2 store] 
Configuration path: ?

[2020-12-10 13:04:25 #3 type] 
Type modelo.Empleado is not enhanced.

------------------------------------------------------------------------------------------------------------------------

[2020-12-10 13:04:45 #1 store] 
Database 'G:\cosas de clase\Cosas de todo\NetBeansProjects\SEGUNDO\Datos\JoseRamon\Proyecto_Final\empleados.odb' is opened by 17620@DESKTOP-59TAS1N

[2020-12-10 13:04:45 #2 store] 
Configuration path: ?

[2020-12-10 13:04:45 #3 type] 
Type modelo.Empleado is not enhanced.

------------------------------------------------------------------------------------------------------------------------

[2020-12-10 13:19:27 #1 store] 
Database 'G:\cosas de clase\Cosas de todo\NetBeansProjects\SEGUNDO\Datos\JoseRamon\Proyecto_Final\empleados.odb' is opened by 9576@DESKTOP-59TAS1N

[2020-12-10 13:19:27 #2 store] 
Configuration path: ?

[2020-12-10 13:19:27 #3 type] 
Type modelo.Empleado is not enhanced.

------------------------------------------------------------------------------------------------------------------------

[2020-12-10 13:20:40 #1 store] 
Database 'G:\cosas de clase\Cosas de todo\NetBeansProjects\SEGUNDO\Datos\JoseRamon\Proyecto_Final\empleados.odb' is opened by 2116@DESKTOP-59TAS1N

[2020-12-10 13:20:40 #2 store] 
Configuration path: ?

[2020-12-10 13:20:40 #3 type] 
Type modelo.Empleado is not enhanced.

------------------------------------------------------------------------------------------------------------------------

[2020-12-10 13:34:49 #1 store] 
Database 'G:\cosas de clase\Cosas de todo\NetBeansProjects\SEGUNDO\Datos\JoseRamon\Proyecto_Final\empleados.odb' is opened by 18788@DESKTOP-59TAS1N

[2020-12-10 13:34:49 #2 store] 
Configuration path: ?

[2020-12-10 13:34:49 #3 type] 
Type modelo.Empleado is not enhanced.

------------------------------------------------------------------------------------------------------------------------

[2020-12-10 13:37:38 #1 store] 
Database 'G:\cosas de clase\Cosas de todo\NetBeansProjects\SEGUNDO\Datos\JoseRamon\Proyecto_Final\empleados.odb' is opened by 9520@DESKTOP-59TAS1N

[2020-12-10 13:37:38 #2 store] 
Configuration path: ?

[2020-12-10 13:37:38 #3 type] 
Type modelo.Empleado is not enhanced.

------------------------------------------------------------------------------------------------------------------------

[2020-12-10 13:38:51 #1 store] 
Database 'G:\cosas de clase\Cosas de todo\NetBeansProjects\SEGUNDO\Datos\JoseRamon\Proyecto_Final\empleados.odb' is opened by 19144@DESKTOP-59TAS1N

[2020-12-10 13:38:51 #2 store] 
Configuration path: ?

[2020-12-10 13:38:52 #3 type] 
Type modelo.Empleado is not enhanced.

------------------------------------------------------------------------------------------------------------------------

[2020-12-10 13:42:10 #1 store] 
Database 'G:\cosas de clase\Cosas de todo\NetBeansProjects\SEGUNDO\Datos\JoseRamon\Proyecto_Final\empleados.odb' is opened by 4120@DESKTOP-59TAS1N

[2020-12-10 13:42:10 #2 store] 
Configuration path: ?

[2020-12-10 13:42:10 #3 type] 
Type modelo.Empleado is not enhanced.

------------------------------------------------------------------------------------------------------------------------

[2020-12-10 13:43:40 #1 store] 
Database 'G:\cosas de clase\Cosas de todo\NetBeansProjects\SEGUNDO\Datos\JoseRamon\Proyecto_Final\empleados.odb' is opened by 3524@DESKTOP-59TAS1N

[2020-12-10 13:43:40 #2 store] 
Configuration path: ?

[2020-12-10 13:43:40 #3 type] 
Type modelo.Empleado is not enhanced.

------------------------------------------------------------------------------------------------------------------------

[2020-12-10 13:48:15 #1 store] 
Database 'G:\cosas de clase\Cosas de todo\NetBeansProjects\SEGUNDO\Datos\JoseRamon\Proyecto_Final\empleados.odb' is opened by 11164@DESKTOP-59TAS1N

[2020-12-10 13:48:15 #2 store] 
Configuration path: ?

[2020-12-10 13:48:15 #3 type] 
Type modelo.Empleado is not enhanced.

------------------------------------------------------------------------------------------------------------------------

[2020-12-10 13:48:42 #1 store] 
Database 'G:\cosas de clase\Cosas de todo\NetBeansProjects\SEGUNDO\Datos\JoseRamon\Proyecto_Final\empleados.odb' is opened by 17480@DESKTOP-59TAS1N

[2020-12-10 13:48:42 #2 store] 
Configuration path: ?

[2020-12-10 13:48:42 #3 type] 
Type modelo.Empleado is not enhanced.

------------------------------------------------------------------------------------------------------------------------

[2020-12-10 14:19:32 #1 store] 
Database 'G:\cosas de clase\Cosas de todo\NetBeansProjects\SEGUNDO\Datos\JoseRamon\Proyecto_Final\empleados.odb' is opened by 11780@DESKTOP-59TAS1N

[2020-12-10 14:19:32 #2 store] 
Configuration path: ?

[2020-12-10 14:19:32 #3 type] 
Type modelo.Empleado is not enhanced.

------------------------------------------------------------------------------------------------------------------------

[2020-12-10 14:20:50 #1 store] 
Database 'G:\cosas de clase\Cosas de todo\NetBeansProjects\SEGUNDO\Datos\JoseRamon\Proyecto_Final\empleados.odb' has been recovered (tr. 5-6)

[2020-12-10 14:20:51 #2 store] 
Database 'G:\cosas de clase\Cosas de todo\NetBeansProjects\SEGUNDO\Datos\JoseRamon\Proyecto_Final\empleados.odb' is opened by 9620@DESKTOP-59TAS1N

[2020-12-10 14:20:51 #3 store] 
Configuration path: ?

[2020-12-10 14:20:51 #4 type] 
Type modelo.Empleado is not enhanced.

------------------------------------------------------------------------------------------------------------------------

[2020-12-10 16:32:30 #1 store] 
Database 'G:\cosas de clase\Cosas de todo\NetBeansProjects\SEGUNDO\Datos\JoseRamon\Proyecto_Final\empleados.odb' is opened by 13788@DESKTOP-59TAS1N

[2020-12-10 16:32:30 #2 store] 
Configuration path: ?

[2020-12-10 16:32:30 #3 type] 
Type modelo.Empleado is not enhanced.

------------------------------------------------------------------------------------------------------------------------

[2020-12-10 16:36:32 #1 store] 
Database 'G:\cosas de clase\Cosas de todo\NetBeansProjects\SEGUNDO\Datos\JoseRamon\Proyecto_Final\empleados.odb' is opened by 13800@DESKTOP-59TAS1N

[2020-12-10 16:36:32 #2 store] 
Configuration path: ?

[2020-12-10 16:36:32 #3 type] 
Type modelo.Empleado is not enhanced.

------------------------------------------------------------------------------------------------------------------------

[2020-12-10 16:38:52 #1 store] 
Database 'G:\cosas de clase\Cosas de todo\NetBeansProjects\SEGUNDO\Datos\JoseRamon\Proyecto_Final\empleados.odb' is opened by 12980@DESKTOP-59TAS1N

[2020-12-10 16:38:52 #2 store] 
Configuration path: ?

[2020-12-10 16:38:52 #3 type] 
Type modelo.Empleado is not enhanced.

------------------------------------------------------------------------------------------------------------------------

[2020-12-10 16:43:01 #1 store] 
Database 'G:\cosas de clase\Cosas de todo\NetBeansProjects\SEGUNDO\Datos\JoseRamon\Proyecto_Final\empleados.odb' is opened by 8196@DESKTOP-59TAS1N

[2020-12-10 16:43:01 #2 store] 
Configuration path: ?

[2020-12-10 16:43:01 #3 type] 
Type modelo.Empleado is not enhanced.

------------------------------------------------------------------------------------------------------------------------

[2020-12-10 16:45:00 #1 store] 
Database 'G:\cosas de clase\Cosas de todo\NetBeansProjects\SEGUNDO\Datos\JoseRamon\Proyecto_Final\empleados.odb' is opened by 17924@DESKTOP-59TAS1N

[2020-12-10 16:45:00 #2 store] 
Configuration path: ?

[2020-12-10 16:45:00 #3 type] 
Type modelo.Empleado is not enhanced.

------------------------------------------------------------------------------------------------------------------------

[2020-12-10 17:01:25 #1 store] 
Database 'G:\cosas de clase\Cosas de todo\NetBeansProjects\SEGUNDO\Datos\JoseRamon\Proyecto_Final\empleados.odb' is opened by 11920@DESKTOP-59TAS1N

[2020-12-10 17:01:25 #2 store] 
Configuration path: ?

[2020-12-10 17:01:25 #3 type] 
Type modelo.Empleado is not enhanced.

------------------------------------------------------------------------------------------------------------------------

[2020-12-10 17:26:11 #1 store] 
Database 'G:\cosas de clase\Cosas de todo\NetBeansProjects\SEGUNDO\Datos\JoseRamon\Proyecto_Final\empleados.odb' is opened by 19740@DESKTOP-59TAS1N

[2020-12-10 17:26:11 #2 store] 
Configuration path: ?

[2020-12-10 17:26:11 #3 type] 
Type modelo.Empleado is not enhanced.

------------------------------------------------------------------------------------------------------------------------

[2020-12-10 17:26:45 #1 store] 
Database 'G:\cosas de clase\Cosas de todo\NetBeansProjects\SEGUNDO\Datos\JoseRamon\Proyecto_Final\empleados.odb' is opened by 19596@DESKTOP-59TAS1N

[2020-12-10 17:26:45 #2 store] 
Configuration path: ?

[2020-12-10 17:26:45 #3 type] 
Type modelo.Empleado is not enhanced.

------------------------------------------------------------------------------------------------------------------------

[2020-12-10 17:36:53 #1 store] 
Database 'G:\cosas de clase\Cosas de todo\NetBeansProjects\SEGUNDO\Datos\JoseRamon\Proyecto_Final\empleados.odb' is opened by 7684@DESKTOP-59TAS1N

[2020-12-10 17:36:53 #2 store] 
Configuration path: ?

[2020-12-10 17:36:53 #3 type] 
Type modelo.Empleado is not enhanced.

------------------------------------------------------------------------------------------------------------------------

[2020-12-10 17:40:49 #1 store] 
Database 'G:\cosas de clase\Cosas de todo\NetBeansProjects\SEGUNDO\Datos\JoseRamon\Proyecto_Final\empleados.odb' is opened by 2160@DESKTOP-59TAS1N

[2020-12-10 17:40:49 #2 store] 
Configuration path: ?

[2020-12-10 17:40:50 #3 type] 
Type modelo.Empleado is not enhanced.

------------------------------------------------------------------------------------------------------------------------

[2020-12-10 17:42:31 #1 store] 
Database 'G:\cosas de clase\Cosas de todo\NetBeansProjects\SEGUNDO\Datos\JoseRamon\Proyecto_Final\empleados.odb' is opened by 1256@DESKTOP-59TAS1N

[2020-12-10 17:42:31 #2 store] 
Configuration path: ?

[2020-12-10 17:42:31 #3 type] 
Type modelo.Empleado is not enhanced.

------------------------------------------------------------------------------------------------------------------------

[2020-12-10 17:42:43 #1 store] 
Database 'G:\cosas de clase\Cosas de todo\NetBeansProjects\SEGUNDO\Datos\JoseRamon\Proyecto_Final\empleados.odb' is opened by 10128@DESKTOP-59TAS1N

[2020-12-10 17:42:43 #2 store] 
Configuration path: ?

[2020-12-10 17:42:43 #3 type] 
Type modelo.Empleado is not enhanced.

------------------------------------------------------------------------------------------------------------------------

[2020-12-10 17:43:05 #1 store] 
Database 'G:\cosas de clase\Cosas de todo\NetBeansProjects\SEGUNDO\Datos\JoseRamon\Proyecto_Final\empleados.odb' is opened by 11172@DESKTOP-59TAS1N

[2020-12-10 17:43:05 #2 store] 
Configuration path: ?

[2020-12-10 17:43:05 #3 type] 
Type modelo.Empleado is not enhanced.

------------------------------------------------------------------------------------------------------------------------

[2020-12-10 17:43:50 #1 store] 
Database 'G:\cosas de clase\Cosas de todo\NetBeansProjects\SEGUNDO\Datos\JoseRamon\Proyecto_Final\empleados.odb' is opened by 15848@DESKTOP-59TAS1N

[2020-12-10 17:43:50 #2 store] 
Configuration path: ?

[2020-12-10 17:43:50 #3 type] 
Type modelo.Empleado is not enhanced.

------------------------------------------------------------------------------------------------------------------------

[2020-12-10 17:46:03 #1 store] 
Database 'G:\cosas de clase\Cosas de todo\NetBeansProjects\SEGUNDO\Datos\JoseRamon\Proyecto_Final\empleados.odb' is opened by 440@DESKTOP-59TAS1N

[2020-12-10 17:46:03 #2 store] 
Configuration path: ?

[2020-12-10 17:46:03 #3 type] 
Type modelo.Empleado is not enhanced.

------------------------------------------------------------------------------------------------------------------------

[2020-12-10 17:46:49 #1 store] 
Database 'G:\cosas de clase\Cosas de todo\NetBeansProjects\SEGUNDO\Datos\JoseRamon\Proyecto_Final\empleados.odb' is opened by 5292@DESKTOP-59TAS1N

[2020-12-10 17:46:49 #2 store] 
Configuration path: ?

[2020-12-10 17:46:49 #3 type] 
Type modelo.Empleado is not enhanced.

------------------------------------------------------------------------------------------------------------------------

[2020-12-10 17:47:19 #1 store] 
Database 'G:\cosas de clase\Cosas de todo\NetBeansProjects\SEGUNDO\Datos\JoseRamon\Proyecto_Final\empleados.odb' is opened by 18756@DESKTOP-59TAS1N

[2020-12-10 17:47:19 #2 store] 
Configuration path: ?

[2020-12-10 17:47:19 #3 type] 
Type modelo.Empleado is not enhanced.

------------------------------------------------------------------------------------------------------------------------

[2020-12-10 17:49:35 #1 store] 
Database 'G:\cosas de clase\Cosas de todo\NetBeansProjects\SEGUNDO\Datos\JoseRamon\Proyecto_Final\empleados.odb' is opened by 5204@DESKTOP-59TAS1N

[2020-12-10 17:49:35 #2 store] 
Configuration path: ?

[2020-12-10 17:49:35 #3 type] 
Type modelo.Empleado is not enhanced.

------------------------------------------------------------------------------------------------------------------------

[2020-12-10 17:50:33 #1 store] 
Database 'G:\cosas de clase\Cosas de todo\NetBeansProjects\SEGUNDO\Datos\JoseRamon\Proyecto_Final\empleados.odb' is opened by 14968@DESKTOP-59TAS1N

[2020-12-10 17:50:33 #2 store] 
Configuration path: ?

[2020-12-10 17:50:33 #3 type] 
Type modelo.Empleado is not enhanced.

------------------------------------------------------------------------------------------------------------------------

[2020-12-10 17:51:24 #1 store] 
Database 'G:\cosas de clase\Cosas de todo\NetBeansProjects\SEGUNDO\Datos\JoseRamon\Proyecto_Final\empleados.odb' is opened by 7832@DESKTOP-59TAS1N

[2020-12-10 17:51:24 #2 store] 
Configuration path: ?

[2020-12-10 17:51:24 #3 type] 
Type modelo.Empleado is not enhanced.

------------------------------------------------------------------------------------------------------------------------

[2020-12-10 17:55:41 #1 store] 
Database 'G:\cosas de clase\Cosas de todo\NetBeansProjects\SEGUNDO\Datos\JoseRamon\Proyecto_Final\empleados.odb' is opened by 16476@DESKTOP-59TAS1N

[2020-12-10 17:55:41 #2 store] 
Configuration path: ?

[2020-12-10 17:55:41 #3 type] 
Type modelo.Empleado is not enhanced.

------------------------------------------------------------------------------------------------------------------------

[2020-12-10 18:13:42 #1 store] 
Database 'G:\cosas de clase\Cosas de todo\NetBeansProjects\SEGUNDO\Datos\JoseRamon\Proyecto_Final\empleados.odb' has been recovered (tr. 10-10)

[2020-12-10 18:13:44 #2 store] 
Database 'G:\cosas de clase\Cosas de todo\NetBeansProjects\SEGUNDO\Datos\JoseRamon\Proyecto_Final\empleados.odb' is opened by 19324@DESKTOP-59TAS1N

[2020-12-10 18:13:44 #3 store] 
Configuration path: ?

[2020-12-10 18:13:44 #4 type] 
Type modelo.Empleado is not enhanced.

------------------------------------------------------------------------------------------------------------------------

[2020-12-10 19:48:00 #1 store] 
Database 'G:\cosas de clase\Cosas de todo\NetBeansProjects\SEGUNDO\Datos\JoseRamon\Proyecto_Final\empleados.odb' is opened by 4916@DESKTOP-59TAS1N

[2020-12-10 19:48:00 #2 store] 
Configuration path: ?

[2020-12-10 19:48:00 #3 type] 
Type modelo.Empleado is not enhanced.

------------------------------------------------------------------------------------------------------------------------

[2020-12-10 19:50:29 #1 store] 
Database 'G:\cosas de clase\Cosas de todo\NetBeansProjects\SEGUNDO\Datos\JoseRamon\Proyecto_Final\empleados.odb' is opened by 8168@DESKTOP-59TAS1N

[2020-12-10 19:50:29 #2 store] 
Configuration path: ?

[2020-12-10 19:50:29 #3 type] 
Type modelo.Empleado is not enhanced.

[2020-12-10 19:50:29 #4 type] 
Type modelo.Ordenador is not enhanced.

------------------------------------------------------------------------------------------------------------------------

[2020-12-10 20:10:39 #1 store] 
Database 'G:\cosas de clase\Cosas de todo\NetBeansProjects\SEGUNDO\Datos\JoseRamon\Proyecto_Final\empleados.odb' is opened by 14176@DESKTOP-59TAS1N

[2020-12-10 20:10:39 #2 store] 
Configuration path: ?

[2020-12-10 20:10:40 #3 type] 
Type modelo.Empleado is not enhanced.

[2020-12-10 20:10:40 #4 type] 
Type modelo.Ordenador is not enhanced.

------------------------------------------------------------------------------------------------------------------------

[2020-12-10 20:13:29 #1 store] 
Database 'G:\cosas de clase\Cosas de todo\NetBeansProjects\SEGUNDO\Datos\JoseRamon\Proyecto_Final\empleados.odb' is opened by 4828@DESKTOP-59TAS1N

[2020-12-10 20:13:29 #2 store] 
Configuration path: ?

[2020-12-10 20:13:29 #3 type] 
Type modelo.Empleado is not enhanced.

[2020-12-10 20:13:29 #4 type] 
Type modelo.Ordenador is not enhanced.

------------------------------------------------------------------------------------------------------------------------

[2020-12-10 20:14:02 #1 store] 
Database 'G:\cosas de clase\Cosas de todo\NetBeansProjects\SEGUNDO\Datos\JoseRamon\Proyecto_Final\empleados.odb' is opened by 17212@DESKTOP-59TAS1N

[2020-12-10 20:14:02 #2 store] 
Configuration path: ?

[2020-12-10 20:14:02 #3 type] 
Type modelo.Empleado is not enhanced.

[2020-12-10 20:14:02 #4 type] 
Type modelo.Ordenador is not enhanced.

------------------------------------------------------------------------------------------------------------------------

[2020-12-10 20:15:24 #1 store] 
Database 'G:\cosas de clase\Cosas de todo\NetBeansProjects\SEGUNDO\Datos\JoseRamon\Proyecto_Final\empleados.odb' is opened by 1484@DESKTOP-59TAS1N

[2020-12-10 20:15:24 #2 store] 
Configuration path: ?

[2020-12-10 20:15:24 #3 type] 
Type modelo.Empleado is not enhanced.

[2020-12-10 20:15:24 #4 type] 
Type modelo.Ordenador is not enhanced.

------------------------------------------------------------------------------------------------------------------------

[2020-12-10 21:00:04 #1 store] 
Database 'G:\cosas de clase\Cosas de todo\NetBeansProjects\SEGUNDO\Datos\JoseRamon\Proyecto_Final\empleados.odb' is opened by 14112@DESKTOP-59TAS1N

[2020-12-10 21:00:04 #2 store] 
Configuration path: ?

[2020-12-10 21:00:04 #3 type] 
Type modelo.Empleado is not enhanced.

[2020-12-10 21:00:04 #4 type] 
Type modelo.Ordenador is not enhanced.

------------------------------------------------------------------------------------------------------------------------

[2020-12-10 21:01:18 #1 store] 
Database 'G:\cosas de clase\Cosas de todo\NetBeansProjects\SEGUNDO\Datos\JoseRamon\Proyecto_Final\empleados.odb' is opened by 15048@DESKTOP-59TAS1N

[2020-12-10 21:01:18 #2 store] 
Configuration path: ?

[2020-12-10 21:01:18 #3 type] 
Type modelo.Empleado is not enhanced.

[2020-12-10 21:01:18 #4 type] 
Type modelo.Ordenador is not enhanced.

------------------------------------------------------------------------------------------------------------------------

[2020-12-10 21:03:23 #1 store] 
Database 'G:\cosas de clase\Cosas de todo\NetBeansProjects\SEGUNDO\Datos\JoseRamon\Proyecto_Final\empleados.odb' is opened by 3104@DESKTOP-59TAS1N

[2020-12-10 21:03:23 #2 store] 
Configuration path: ?

[2020-12-10 21:03:23 #3 type] 
Type modelo.Empleado is not enhanced.

[2020-12-10 21:03:23 #4 type] 
Type modelo.Ordenador is not enhanced.

------------------------------------------------------------------------------------------------------------------------

[2020-12-10 21:12:34 #1 store] 
Database 'G:\cosas de clase\Cosas de todo\NetBeansProjects\SEGUNDO\Datos\JoseRamon\Proyecto_Final\empleados.odb' is opened by 21872@DESKTOP-59TAS1N

[2020-12-10 21:12:34 #2 store] 
Configuration path: ?

[2020-12-10 21:12:34 #3 type] 
Type modelo.Empleado is not enhanced.

[2020-12-10 21:12:34 #4 type] 
Type modelo.Ordenador is not enhanced.

------------------------------------------------------------------------------------------------------------------------

[2020-12-10 21:14:18 #1 store] 
Database 'G:\cosas de clase\Cosas de todo\NetBeansProjects\SEGUNDO\Datos\JoseRamon\Proyecto_Final\empleados.odb' has been recovered (tr. 13-13)

[2020-12-10 21:14:18 #2 store] 
Database 'G:\cosas de clase\Cosas de todo\NetBeansProjects\SEGUNDO\Datos\JoseRamon\Proyecto_Final\empleados.odb' is opened by 12612@DESKTOP-59TAS1N

[2020-12-10 21:14:18 #3 store] 
Configuration path: ?

[2020-12-10 21:14:18 #4 type] 
Type modelo.Empleado is not enhanced.

[2020-12-10 21:14:18 #5 type] 
Type modelo.Ordenador is not enhanced.

------------------------------------------------------------------------------------------------------------------------

[2020-12-10 21:16:22 #1 store] 
Database 'G:\cosas de clase\Cosas de todo\NetBeansProjects\SEGUNDO\Datos\JoseRamon\Proyecto_Final\empleados.odb' is opened by 9060@DESKTOP-59TAS1N

[2020-12-10 21:16:22 #2 store] 
Configuration path: ?

[2020-12-10 21:16:22 #3 type] 
Type modelo.Empleado is not enhanced.

[2020-12-10 21:16:22 #4 type] 
Type modelo.Ordenador is not enhanced.

------------------------------------------------------------------------------------------------------------------------

[2020-12-10 21:17:01 #1 store] 
Database 'G:\cosas de clase\Cosas de todo\NetBeansProjects\SEGUNDO\Datos\JoseRamon\Proyecto_Final\empleados.odb' is opened by 9028@DESKTOP-59TAS1N

[2020-12-10 21:17:01 #2 store] 
Configuration path: ?

[2020-12-10 21:17:01 #3 type] 
Type modelo.Empleado is not enhanced.

[2020-12-10 21:17:01 #4 type] 
Type modelo.Ordenador is not enhanced.

------------------------------------------------------------------------------------------------------------------------

[2020-12-10 21:17:32 #1 store] 
Database 'G:\cosas de clase\Cosas de todo\NetBeansProjects\SEGUNDO\Datos\JoseRamon\Proyecto_Final\empleados.odb' is opened by 3176@DESKTOP-59TAS1N

[2020-12-10 21:17:32 #2 store] 
Configuration path: ?

[2020-12-10 21:17:32 #3 type] 
Type modelo.Empleado is not enhanced.

[2020-12-10 21:17:32 #4 type] 
Type modelo.Ordenador is not enhanced.

------------------------------------------------------------------------------------------------------------------------

[2020-12-10 21:26:06 #1 store] 
Database 'G:\cosas de clase\Cosas de todo\NetBeansProjects\SEGUNDO\Datos\JoseRamon\Proyecto_Final\empleados.odb' has been recovered (tr. 14-14)

[2020-12-10 21:26:07 #2 store] 
Database 'G:\cosas de clase\Cosas de todo\NetBeansProjects\SEGUNDO\Datos\JoseRamon\Proyecto_Final\empleados.odb' is opened by 21952@DESKTOP-59TAS1N

[2020-12-10 21:26:07 #3 store] 
Configuration path: ?

[2020-12-10 21:26:07 #4 type] 
Type modelo.Empleado is not enhanced.

[2020-12-10 21:26:07 #5 type] 
Type modelo.Ordenador is not enhanced.

------------------------------------------------------------------------------------------------------------------------

[2020-12-10 21:26:32 #1 store] 
Database 'G:\cosas de clase\Cosas de todo\NetBeansProjects\SEGUNDO\Datos\JoseRamon\Proyecto_Final\empleados.odb' is opened by 17524@DESKTOP-59TAS1N

[2020-12-10 21:26:32 #2 store] 
Configuration path: ?

[2020-12-10 21:26:32 #3 type] 
Type modelo.Empleado is not enhanced.

[2020-12-10 21:26:32 #4 type] 
Type modelo.Ordenador is not enhanced.

------------------------------------------------------------------------------------------------------------------------

[2020-12-10 22:01:16 #1 store] 
Database 'G:\cosas de clase\Cosas de todo\NetBeansProjects\SEGUNDO\Datos\JoseRamon\Proyecto_Final\empleados.odb' has been recovered (tr. 15-15)

[2020-12-10 22:01:16 #2 store] 
Database 'G:\cosas de clase\Cosas de todo\NetBeansProjects\SEGUNDO\Datos\JoseRamon\Proyecto_Final\empleados.odb' is opened by 1488@DESKTOP-59TAS1N

[2020-12-10 22:01:16 #3 store] 
Configuration path: ?

[2020-12-10 22:01:16 #4 type] 
Type modelo.Empleado is not enhanced.

[2020-12-10 22:01:16 #5 type] 
Type modelo.Ordenador is not enhanced.

------------------------------------------------------------------------------------------------------------------------

[2020-12-10 22:02:16 #1 store] 
Database 'G:\cosas de clase\Cosas de todo\NetBeansProjects\SEGUNDO\Datos\JoseRamon\Proyecto_Final\empleados.odb' is opened by 14748@DESKTOP-59TAS1N

[2020-12-10 22:02:16 #2 store] 
Configuration path: ?

[2020-12-10 22:02:16 #3 type] 
Type modelo.Empleado is not enhanced.

[2020-12-10 22:02:16 #4 type] 
Type modelo.Ordenador is not enhanced.

------------------------------------------------------------------------------------------------------------------------

[2020-12-10 22:04:59 #1 store] 
Database 'G:\cosas de clase\Cosas de todo\NetBeansProjects\SEGUNDO\Datos\JoseRamon\Proyecto_Final\empleados.odb' is opened by 6388@DESKTOP-59TAS1N

[2020-12-10 22:04:59 #2 store] 
Configuration path: ?

[2020-12-10 22:04:59 #3 type] 
Type modelo.Empleado is not enhanced.

[2020-12-10 22:04:59 #4 type] 
Type modelo.Ordenador is not enhanced.

------------------------------------------------------------------------------------------------------------------------

[2020-12-10 22:06:10 #1 store] 
Database 'G:\cosas de clase\Cosas de todo\NetBeansProjects\SEGUNDO\Datos\JoseRamon\Proyecto_Final\empleados.odb' has been recovered (tr. 16-16)

[2020-12-10 22:06:11 #2 store] 
Database 'G:\cosas de clase\Cosas de todo\NetBeansProjects\SEGUNDO\Datos\JoseRamon\Proyecto_Final\empleados.odb' is opened by 8588@DESKTOP-59TAS1N

[2020-12-10 22:06:11 #3 store] 
Configuration path: ?

[2020-12-10 22:06:11 #4 type] 
Type modelo.Empleado is not enhanced.

[2020-12-10 22:06:11 #5 type] 
Type modelo.Ordenador is not enhanced.

------------------------------------------------------------------------------------------------------------------------

[2020-12-10 22:46:11 #1 store] 
Database 'G:\cosas de clase\Cosas de todo\NetBeansProjects\SEGUNDO\Datos\JoseRamon\Proyecto_Final\empleados.odb' has been recovered (tr. 17-17)

[2020-12-10 22:46:12 #2 store] 
Database 'G:\cosas de clase\Cosas de todo\NetBeansProjects\SEGUNDO\Datos\JoseRamon\Proyecto_Final\empleados.odb' is opened by 3520@DESKTOP-59TAS1N

[2020-12-10 22:46:12 #3 store] 
Configuration path: ?

[2020-12-10 22:46:12 #4 type] 
Type modelo.Empleado is not enhanced.

[2020-12-10 22:46:12 #5 type] 
Type modelo.Ordenador is not enhanced.

